<?xml version="1.0" encoding="UTF-8"?>
<testsuite name="com.gimaletdinova.CarServiceTest" time="0.006" tests="1" errors="1" skipped="0" failures="0">
  <properties>
[...]
</properties>
  <testcase name="testSaveBank" classname="com.gimaletdinova.CarServiceTest" time="0.006">
    <error message="Failed to load ApplicationContext" type="java.lang.IllegalStateException">java.lang.IllegalStateException: Failed to load ApplicationContext
	at org.springframework.test.context.cache.DefaultCacheAwareContextLoaderDelegate.loadContext(DefaultCacheAwareContextLoaderDelegate.java:124)
	at org.springframework.test.context.support.DefaultTestContext.getApplicationContext(DefaultTestContext.java:83)
	at org.springframework.test.context.web.ServletTestExecutionListener.setUpRequestContextIfNecessary(ServletTestExecutionListener.java:183)
	at org.springframework.test.context.web.ServletTestExecutionListener.prepareTestInstance(ServletTestExecutionListener.java:123)
	at org.springframework.test.context.TestContextManager.prepareTestInstance(TestContextManager.java:228)
	at org.springframework.test.context.junit4.SpringJUnit4ClassRunner.createTest(SpringJUnit4ClassRunner.java:230)
	at org.springframework.test.context.junit4.SpringJUnit4ClassRunner$1.runReflectiveCall(SpringJUnit4ClassRunner.java:289)
	at org.junit.internal.runners.model.ReflectiveCallable.run(ReflectiveCallable.java:12)
	at org.springframework.test.context.junit4.SpringJUnit4ClassRunner.methodBlock(SpringJUnit4ClassRunner.java:291)
	at org.springframework.test.context.junit4.SpringJUnit4ClassRunner.runChild(SpringJUnit4ClassRunner.java:249)
	at org.springframework.test.context.junit4.SpringJUnit4ClassRunner.runChild(SpringJUnit4ClassRunner.java:89)
	at org.junit.runners.ParentRunner$3.run(ParentRunner.java:290)
	at org.junit.runners.ParentRunner$1.schedule(ParentRunner.java:71)
	at org.junit.runners.ParentRunner.runChildren(ParentRunner.java:288)
	at org.junit.runners.ParentRunner.access$000(ParentRunner.java:58)
	at org.junit.runners.ParentRunner$2.evaluate(ParentRunner.java:268)
	at org.springframework.test.context.junit4.statements.RunBeforeTestClassCallbacks.evaluate(RunBeforeTestClassCallbacks.java:61)
	at org.springframework.test.context.junit4.statements.RunAfterTestClassCallbacks.evaluate(RunAfterTestClassCallbacks.java:70)
	at org.junit.runners.ParentRunner.run(ParentRunner.java:363)
	at org.springframework.test.context.junit4.SpringJUnit4ClassRunner.run(SpringJUnit4ClassRunner.java:193)
	at org.apache.maven.surefire.junit4.JUnit4Provider.execute(JUnit4Provider.java:283)
	at org.apache.maven.surefire.junit4.JUnit4Provider.executeWithRerun(JUnit4Provider.java:173)
	at org.apache.maven.surefire.junit4.JUnit4Provider.executeTestSet(JUnit4Provider.java:153)
	at org.apache.maven.surefire.junit4.JUnit4Provider.invoke(JUnit4Provider.java:128)
	at org.apache.maven.surefire.booter.ForkedBooter.invokeProviderInSameClassLoader(ForkedBooter.java:203)
	at org.apache.maven.surefire.booter.ForkedBooter.runSuitesInProcess(ForkedBooter.java:155)
	at org.apache.maven.surefire.booter.ForkedBooter.main(ForkedBooter.java:103)
Caused by: org.springframework.beans.factory.BeanCreationException: Error creating bean with name 'carServiceImpl': Injection of autowired dependencies failed; nested exception is org.springframework.beans.factory.BeanCreationException: Could not autowire field: private com.gimaletdinova.repository.CarRepository com.gimaletdinova.service.impl.CarServiceImpl.carRepository; nested exception is org.springframework.beans.factory.NoSuchBeanDefinitionException: No qualifying bean of type [com.gimaletdinova.repository.CarRepository] found for dependency: expected at least 1 bean which qualifies as autowire candidate for this dependency. Dependency annotations: {@org.springframework.beans.factory.annotation.Autowired(required=true)}
	at org.springframework.beans.factory.annotation.AutowiredAnnotationBeanPostProcessor.postProcessPropertyValues(AutowiredAnnotationBeanPostProcessor.java:334)
	at org.springframework.beans.factory.support.AbstractAutowireCapableBeanFactory.populateBean(AbstractAutowireCapableBeanFactory.java:1214)
	at org.springframework.beans.factory.support.AbstractAutowireCapableBeanFactory.doCreateBean(AbstractAutowireCapableBeanFactory.java:543)
	at org.springframework.beans.factory.support.AbstractAutowireCapableBeanFactory.createBean(AbstractAutowireCapableBeanFactory.java:482)
	at org.springframework.beans.factory.support.AbstractBeanFactory$1.getObject(AbstractBeanFactory.java:306)
	at org.springframework.beans.factory.support.DefaultSingletonBeanRegistry.getSingleton(DefaultSingletonBeanRegistry.java:230)
	at org.springframework.beans.factory.support.AbstractBeanFactory.doGetBean(AbstractBeanFactory.java:302)
	at org.springframework.beans.factory.support.AbstractBeanFactory.getBean(AbstractBeanFactory.java:197)
	at org.springframework.beans.factory.support.DefaultListableBeanFactory.preInstantiateSingletons(DefaultListableBeanFactory.java:772)
	at org.springframework.context.support.AbstractApplicationContext.finishBeanFactoryInitialization(AbstractApplicationContext.java:839)
	at org.springframework.context.support.AbstractApplicationContext.refresh(AbstractApplicationContext.java:538)
	at org.springframework.test.context.web.AbstractGenericWebContextLoader.loadContext(AbstractGenericWebContextLoader.java:133)
	at org.springframework.test.context.web.AbstractGenericWebContextLoader.loadContext(AbstractGenericWebContextLoader.java:60)
	at org.springframework.test.context.support.AbstractDelegatingSmartContextLoader.delegateLoading(AbstractDelegatingSmartContextLoader.java:109)
	at org.springframework.test.context.support.AbstractDelegatingSmartContextLoader.loadContext(AbstractDelegatingSmartContextLoader.java:261)
	at org.springframework.test.context.cache.DefaultCacheAwareContextLoaderDelegate.loadContextInternal(DefaultCacheAwareContextLoaderDelegate.java:98)
	at org.springframework.test.context.cache.DefaultCacheAwareContextLoaderDelegate.loadContext(DefaultCacheAwareContextLoaderDelegate.java:116)
	at org.springframework.test.context.support.DefaultTestContext.getApplicationContext(DefaultTestContext.java:83)
	at org.springframework.test.context.web.ServletTestExecutionListener.setUpRequestContextIfNecessary(ServletTestExecutionListener.java:183)
	at org.springframework.test.context.web.ServletTestExecutionListener.prepareTestInstance(ServletTestExecutionListener.java:123)
	at org.springframework.test.context.TestContextManager.prepareTestInstance(TestContextManager.java:228)
	at org.springframework.test.context.junit4.SpringJUnit4ClassRunner.createTest(SpringJUnit4ClassRunner.java:230)
	at org.springframework.test.context.junit4.SpringJUnit4ClassRunner$1.runReflectiveCall(SpringJUnit4ClassRunner.java:289)
	at org.junit.internal.runners.model.ReflectiveCallable.run(ReflectiveCallable.java:12)
	at org.springframework.test.context.junit4.SpringJUnit4ClassRunner.methodBlock(SpringJUnit4ClassRunner.java:291)
	at org.springframework.test.context.junit4.SpringJUnit4ClassRunner.runChild(SpringJUnit4ClassRunner.java:249)
	at org.springframework.test.context.junit4.SpringJUnit4ClassRunner.runChild(SpringJUnit4ClassRunner.java:89)
	at org.junit.runners.ParentRunner$3.run(ParentRunner.java:290)
	at org.junit.runners.ParentRunner$1.schedule(ParentRunner.java:71)
	at org.junit.runners.ParentRunner.runChildren(ParentRunner.java:288)
	at org.junit.runners.ParentRunner.access$000(ParentRunner.java:58)
	at org.junit.runners.ParentRunner$2.evaluate(ParentRunner.java:268)
	at org.springframework.test.context.junit4.statements.RunBeforeTestClassCallbacks.evaluate(RunBeforeTestClassCallbacks.java:61)
	at org.springframework.test.context.junit4.statements.RunAfterTestClassCallbacks.evaluate(RunAfterTestClassCallbacks.java:70)
	at org.junit.runners.ParentRunner.run(ParentRunner.java:363)
	at org.springframework.test.context.junit4.SpringJUnit4ClassRunner.run(SpringJUnit4ClassRunner.java:193)
	at org.apache.maven.surefire.junit4.JUnit4Provider.execute(JUnit4Provider.java:283)
	at org.apache.maven.surefire.junit4.JUnit4Provider.executeWithRerun(JUnit4Provider.java:173)
	at org.apache.maven.surefire.junit4.JUnit4Provider.executeTestSet(JUnit4Provider.java:153)
	at org.apache.maven.surefire.junit4.JUnit4Provider.invoke(JUnit4Provider.java:128)
	at org.apache.maven.surefire.booter.ForkedBooter.invokeProviderInSameClassLoader(ForkedBooter.java:203)
	at org.apache.maven.surefire.booter.ForkedBooter.runSuitesInProcess(ForkedBooter.java:155)
	at org.apache.maven.surefire.booter.ForkedBooter.main(ForkedBooter.java:103)
Caused by: org.springframework.beans.factory.BeanCreationException: Could not autowire field: private com.gimaletdinova.repository.CarRepository com.gimaletdinova.service.impl.CarServiceImpl.carRepository; nested exception is org.springframework.beans.factory.NoSuchBeanDefinitionException: No qualifying bean of type [com.gimaletdinova.repository.CarRepository] found for dependency: expected at least 1 bean which qualifies as autowire candidate for this dependency. Dependency annotations: {@org.springframework.beans.factory.annotation.Autowired(required=true)}
	at org.springframework.beans.factory.annotation.AutowiredAnnotationBeanPostProcessor$AutowiredFieldElement.inject(AutowiredAnnotationBeanPostProcessor.java:573)
	at org.springframework.beans.factory.annotation.InjectionMetadata.inject(InjectionMetadata.java:88)
	at org.springframework.beans.factory.annotation.AutowiredAnnotationBeanPostProcessor.postProcessPropertyValues(AutowiredAnnotationBeanPostProcessor.java:331)
	at org.springframework.beans.factory.support.AbstractAutowireCapableBeanFactory.populateBean(AbstractAutowireCapableBeanFactory.java:1214)
	at org.springframework.beans.factory.support.AbstractAutowireCapableBeanFactory.doCreateBean(AbstractAutowireCapableBeanFactory.java:543)
	at org.springframework.beans.factory.support.AbstractAutowireCapableBeanFactory.createBean(AbstractAutowireCapableBeanFactory.java:482)
	at org.springframework.beans.factory.support.AbstractBeanFactory$1.getObject(AbstractBeanFactory.java:306)
	at org.springframework.beans.factory.support.DefaultSingletonBeanRegistry.getSingleton(DefaultSingletonBeanRegistry.java:230)
	at org.springframework.beans.factory.support.AbstractBeanFactory.doGetBean(AbstractBeanFactory.java:302)
	at org.springframework.beans.factory.support.AbstractBeanFactory.getBean(AbstractBeanFactory.java:197)
	at org.springframework.beans.factory.support.DefaultListableBeanFactory.preInstantiateSingletons(DefaultListableBeanFactory.java:772)
	at org.springframework.context.support.AbstractApplicationContext.finishBeanFactoryInitialization(AbstractApplicationContext.java:839)
	at org.springframework.context.support.AbstractApplicationContext.refresh(AbstractApplicationContext.java:538)
	at org.springframework.test.context.web.AbstractGenericWebContextLoader.loadContext(AbstractGenericWebContextLoader.java:133)
	at org.springframework.test.context.web.AbstractGenericWebContextLoader.loadContext(AbstractGenericWebContextLoader.java:60)
	at org.springframework.test.context.support.AbstractDelegatingSmartContextLoader.delegateLoading(AbstractDelegatingSmartContextLoader.java:109)
	at org.springframework.test.context.support.AbstractDelegatingSmartContextLoader.loadContext(AbstractDelegatingSmartContextLoader.java:261)
	at org.springframework.test.context.cache.DefaultCacheAwareContextLoaderDelegate.loadContextInternal(DefaultCacheAwareContextLoaderDelegate.java:98)
	at org.springframework.test.context.cache.DefaultCacheAwareContextLoaderDelegate.loadContext(DefaultCacheAwareContextLoaderDelegate.java:116)
	at org.springframework.test.context.support.DefaultTestContext.getApplicationContext(DefaultTestContext.java:83)
	at org.springframework.test.context.web.ServletTestExecutionListener.setUpRequestContextIfNecessary(ServletTestExecutionListener.java:183)
	at org.springframework.test.context.web.ServletTestExecutionListener.prepareTestInstance(ServletTestExecutionListener.java:123)
	at org.springframework.test.context.TestContextManager.prepareTestInstance(TestContextManager.java:228)
	at org.springframework.test.context.junit4.SpringJUnit4ClassRunner.createTest(SpringJUnit4ClassRunner.java:230)
	at org.springframework.test.context.junit4.SpringJUnit4ClassRunner$1.runReflectiveCall(SpringJUnit4ClassRunner.java:289)
	at org.junit.internal.runners.model.ReflectiveCallable.run(ReflectiveCallable.java:12)
	at org.springframework.test.context.junit4.SpringJUnit4ClassRunner.methodBlock(SpringJUnit4ClassRunner.java:291)
	at org.springframework.test.context.junit4.SpringJUnit4ClassRunner.runChild(SpringJUnit4ClassRunner.java:249)
	at org.springframework.test.context.junit4.SpringJUnit4ClassRunner.runChild(SpringJUnit4ClassRunner.java:89)
	at org.junit.runners.ParentRunner$3.run(ParentRunner.java:290)
	at org.junit.runners.ParentRunner$1.schedule(ParentRunner.java:71)
	at org.junit.runners.ParentRunner.runChildren(ParentRunner.java:288)
	at org.junit.runners.ParentRunner.access$000(ParentRunner.java:58)
	at org.junit.runners.ParentRunner$2.evaluate(ParentRunner.java:268)
	at org.springframework.test.context.junit4.statements.RunBeforeTestClassCallbacks.evaluate(RunBeforeTestClassCallbacks.java:61)
	at org.springframework.test.context.junit4.statements.RunAfterTestClassCallbacks.evaluate(RunAfterTestClassCallbacks.java:70)
	at org.junit.runners.ParentRunner.run(ParentRunner.java:363)
	at org.springframework.test.context.junit4.SpringJUnit4ClassRunner.run(SpringJUnit4ClassRunner.java:193)
	at org.apache.maven.surefire.junit4.JUnit4Provider.execute(JUnit4Provider.java:283)
	at org.apache.maven.surefire.junit4.JUnit4Provider.executeWithRerun(JUnit4Provider.java:173)
	at org.apache.maven.surefire.junit4.JUnit4Provider.executeTestSet(JUnit4Provider.java:153)
	at org.apache.maven.surefire.junit4.JUnit4Provider.invoke(JUnit4Provider.java:128)
	at org.apache.maven.surefire.booter.ForkedBooter.invokeProviderInSameClassLoader(ForkedBooter.java:203)
	at org.apache.maven.surefire.booter.ForkedBooter.runSuitesInProcess(ForkedBooter.java:155)
	at org.apache.maven.surefire.booter.ForkedBooter.main(ForkedBooter.java:103)
Caused by: org.springframework.beans.factory.NoSuchBeanDefinitionException: No qualifying bean of type [com.gimaletdinova.repository.CarRepository] found for dependency: expected at least 1 bean which qualifies as autowire candidate for this dependency. Dependency annotations: {@org.springframework.beans.factory.annotation.Autowired(required=true)}
	at org.springframework.beans.factory.support.DefaultListableBeanFactory.raiseNoSuchBeanDefinitionException(DefaultListableBeanFactory.java:1373)
	at org.springframework.beans.factory.support.DefaultListableBeanFactory.doResolveDependency(DefaultListableBeanFactory.java:1119)
	at org.springframework.beans.factory.support.DefaultListableBeanFactory.resolveDependency(DefaultListableBeanFactory.java:1014)
	at org.springframework.beans.factory.annotation.AutowiredAnnotationBeanPostProcessor$AutowiredFieldElement.inject(AutowiredAnnotationBeanPostProcessor.java:545)
	at org.springframework.beans.factory.annotation.InjectionMetadata.inject(InjectionMetadata.java:88)
	at org.springframework.beans.factory.annotation.AutowiredAnnotationBeanPostProcessor.postProcessPropertyValues(AutowiredAnnotationBeanPostProcessor.java:331)
	at org.springframework.beans.factory.support.AbstractAutowireCapableBeanFactory.populateBean(AbstractAutowireCapableBeanFactory.java:1214)
	at org.springframework.beans.factory.support.AbstractAutowireCapableBeanFactory.doCreateBean(AbstractAutowireCapableBeanFactory.java:543)
	at org.springframework.beans.factory.support.AbstractAutowireCapableBeanFactory.createBean(AbstractAutowireCapableBeanFactory.java:482)
	at org.springframework.beans.factory.support.AbstractBeanFactory$1.getObject(AbstractBeanFactory.java:306)
	at org.springframework.beans.factory.support.DefaultSingletonBeanRegistry.getSingleton(DefaultSingletonBeanRegistry.java:230)
	at org.springframework.beans.factory.support.AbstractBeanFactory.doGetBean(AbstractBeanFactory.java:302)
	at org.springframework.beans.factory.support.AbstractBeanFactory.getBean(AbstractBeanFactory.java:197)
	at org.springframework.beans.factory.support.DefaultListableBeanFactory.preInstantiateSingletons(DefaultListableBeanFactory.java:772)
	at org.springframework.context.support.AbstractApplicationContext.finishBeanFactoryInitialization(AbstractApplicationContext.java:839)
	at org.springframework.context.support.AbstractApplicationContext.refresh(AbstractApplicationContext.java:538)
	at org.springframework.test.context.web.AbstractGenericWebContextLoader.loadContext(AbstractGenericWebContextLoader.java:133)
	at org.springframework.test.context.web.AbstractGenericWebContextLoader.loadContext(AbstractGenericWebContextLoader.java:60)
	at org.springframework.test.context.support.AbstractDelegatingSmartContextLoader.delegateLoading(AbstractDelegatingSmartContextLoader.java:109)
	at org.springframework.test.context.support.AbstractDelegatingSmartContextLoader.loadContext(AbstractDelegatingSmartContextLoader.java:261)
	at org.springframework.test.context.cache.DefaultCacheAwareContextLoaderDelegate.loadContextInternal(DefaultCacheAwareContextLoaderDelegate.java:98)
	at org.springframework.test.context.cache.DefaultCacheAwareContextLoaderDelegate.loadContext(DefaultCacheAwareContextLoaderDelegate.java:116)
	at org.springframework.test.context.support.DefaultTestContext.getApplicationContext(DefaultTestContext.java:83)
	at org.springframework.test.context.web.ServletTestExecutionListener.setUpRequestContextIfNecessary(ServletTestExecutionListener.java:183)
	at org.springframework.test.context.web.ServletTestExecutionListener.prepareTestInstance(ServletTestExecutionListener.java:123)
	at org.springframework.test.context.TestContextManager.prepareTestInstance(TestContextManager.java:228)
	at org.springframework.test.context.junit4.SpringJUnit4ClassRunner.createTest(SpringJUnit4ClassRunner.java:230)
	at org.springframework.test.context.junit4.SpringJUnit4ClassRunner$1.runReflectiveCall(SpringJUnit4ClassRunner.java:289)
	at org.junit.internal.runners.model.ReflectiveCallable.run(ReflectiveCallable.java:12)
	at org.springframework.test.context.junit4.SpringJUnit4ClassRunner.methodBlock(SpringJUnit4ClassRunner.java:291)
	at org.springframework.test.context.junit4.SpringJUnit4ClassRunner.runChild(SpringJUnit4ClassRunner.java:249)
	at org.springframework.test.context.junit4.SpringJUnit4ClassRunner.runChild(SpringJUnit4ClassRunner.java:89)
	at org.junit.runners.ParentRunner$3.run(ParentRunner.java:290)
	at org.junit.runners.ParentRunner$1.schedule(ParentRunner.java:71)
	at org.junit.runners.ParentRunner.runChildren(ParentRunner.java:288)
	at org.junit.runners.ParentRunner.access$000(ParentRunner.java:58)
	at org.junit.runners.ParentRunner$2.evaluate(ParentRunner.java:268)
	at org.springframework.test.context.junit4.statements.RunBeforeTestClassCallbacks.evaluate(RunBeforeTestClassCallbacks.java:61)
	at org.springframework.test.context.junit4.statements.RunAfterTestClassCallbacks.evaluate(RunAfterTestClassCallbacks.java:70)
	at org.junit.runners.ParentRunner.run(ParentRunner.java:363)
	at org.springframework.test.context.junit4.SpringJUnit4ClassRunner.run(SpringJUnit4ClassRunner.java:193)
	at org.apache.maven.surefire.junit4.JUnit4Provider.execute(JUnit4Provider.java:283)
	at org.apache.maven.surefire.junit4.JUnit4Provider.executeWithRerun(JUnit4Provider.java:173)
	at org.apache.maven.surefire.junit4.JUnit4Provider.executeTestSet(JUnit4Provider.java:153)
	at org.apache.maven.surefire.junit4.JUnit4Provider.invoke(JUnit4Provider.java:128)
	at org.apache.maven.surefire.booter.ForkedBooter.invokeProviderInSameClassLoader(ForkedBooter.java:203)
	at org.apache.maven.surefire.booter.ForkedBooter.runSuitesInProcess(ForkedBooter.java:155)
	at org.apache.maven.surefire.booter.ForkedBooter.main(ForkedBooter.java:103)
</error>
    <system-out><![CDATA[14:55:30.511 [main] DEBUG org.springframework.test.context.junit4.SpringJUnit4ClassRunner - SpringJUnit4ClassRunner constructor called with [class com.gimaletdinova.CarServiceTest]
14:55:30.558 [main] DEBUG org.springframework.test.context.BootstrapUtils - Instantiating CacheAwareContextLoaderDelegate from class [org.springframework.test.context.cache.DefaultCacheAwareContextLoaderDelegate]
14:55:30.570 [main] DEBUG org.springframework.test.context.BootstrapUtils - Instantiating BootstrapContext using constructor [public org.springframework.test.context.support.DefaultBootstrapContext(java.lang.Class,org.springframework.test.context.CacheAwareContextLoaderDelegate)]
14:55:30.599 [main] DEBUG org.springframework.test.context.BootstrapUtils - Instantiating TestContextBootstrapper for test class [com.gimaletdinova.CarServiceTest] from class [org.springframework.test.context.web.WebTestContextBootstrapper]
14:55:30.694 [main] DEBUG org.springframework.test.context.support.AbstractDelegatingSmartContextLoader - Delegating to AnnotationConfigWebContextLoader to process context configuration [ContextConfigurationAttributes@6e1567f1 declaringClass = 'com.gimaletdinova.CarServiceTest', classes = '{class com.gimaletdinova.db.TestDataBaseConfig}', locations = '{}', inheritLocations = true, initializers = '{}', inheritInitializers = true, name = [null], contextLoaderClass = 'org.springframework.test.context.ContextLoader'].
14:55:30.700 [main] DEBUG org.springframework.test.context.support.ActiveProfilesUtils - Could not find an 'annotation declaring class' for annotation type [org.springframework.test.context.ActiveProfiles] and class [com.gimaletdinova.CarServiceTest]
14:55:30.712 [main] DEBUG org.springframework.test.context.web.WebTestContextBootstrapper - @TestExecutionListeners is not present for class [com.gimaletdinova.CarServiceTest]: using defaults.
14:55:30.734 [main] INFO org.springframework.test.context.web.WebTestContextBootstrapper - Loaded default TestExecutionListener class names from location [META-INF/spring.factories]: [org.springframework.test.context.web.ServletTestExecutionListener, org.springframework.test.context.support.DirtiesContextBeforeModesTestExecutionListener, org.springframework.test.context.support.DependencyInjectionTestExecutionListener, org.springframework.test.context.support.DirtiesContextTestExecutionListener, org.springframework.test.context.transaction.TransactionalTestExecutionListener, org.springframework.test.context.jdbc.SqlScriptsTestExecutionListener]
14:55:30.797 [main] INFO org.springframework.test.context.web.WebTestContextBootstrapper - Using TestExecutionListeners: [org.springframework.test.context.web.ServletTestExecutionListener@2a17b7b6, org.springframework.test.context.support.DirtiesContextBeforeModesTestExecutionListener@4f063c0a, org.springframework.test.context.support.DependencyInjectionTestExecutionListener@1e6d1014, org.springframework.test.context.support.DirtiesContextTestExecutionListener@76707e36, org.springframework.test.context.transaction.TransactionalTestExecutionListener@614ddd49, org.springframework.test.context.jdbc.SqlScriptsTestExecutionListener@1f554b06]
14:55:30.800 [main] DEBUG org.springframework.test.context.junit4.SpringJUnit4ClassRunner - SpringJUnit4ClassRunner constructor called with [class com.gimaletdinova.DemoApplicationTests]
14:55:30.800 [main] DEBUG org.springframework.test.context.BootstrapUtils - Instantiating CacheAwareContextLoaderDelegate from class [org.springframework.test.context.cache.DefaultCacheAwareContextLoaderDelegate]
14:55:30.801 [main] DEBUG org.springframework.test.context.BootstrapUtils - Instantiating BootstrapContext using constructor [public org.springframework.test.context.support.DefaultBootstrapContext(java.lang.Class,org.springframework.test.context.CacheAwareContextLoaderDelegate)]
14:55:30.802 [main] DEBUG org.springframework.test.context.BootstrapUtils - Instantiating TestContextBootstrapper for test class [com.gimaletdinova.DemoApplicationTests] from class [org.springframework.test.context.web.WebTestContextBootstrapper]
14:55:30.818 [main] DEBUG org.springframework.test.context.web.WebTestContextBootstrapper - Found explicit ContextLoader class [org.springframework.boot.test.SpringApplicationContextLoader] for context configuration attributes [ContextConfigurationAttributes@7f13d6e declaringClass = 'com.gimaletdinova.DemoApplicationTests', classes = '{class com.gimaletdinova.RunApplication}', locations = '{}', inheritLocations = true, initializers = '{}', inheritInitializers = true, name = [null], contextLoaderClass = 'org.springframework.boot.test.SpringApplicationContextLoader']
14:55:30.827 [main] DEBUG org.springframework.test.context.support.AbstractContextLoader - Did not detect default resource location for test class [com.gimaletdinova.DemoApplicationTests]: class path resource [com/gimaletdinova/DemoApplicationTests-context.xml] does not exist
14:55:30.828 [main] DEBUG org.springframework.test.context.support.AbstractContextLoader - Did not detect default resource location for test class [com.gimaletdinova.DemoApplicationTests]: class path resource [com/gimaletdinova/DemoApplicationTestsContext.groovy] does not exist
14:55:30.828 [main] INFO org.springframework.test.context.support.AbstractContextLoader - Could not detect default resource locations for test class [com.gimaletdinova.DemoApplicationTests]: no resource found for suffixes {-context.xml, Context.groovy}.
14:55:30.829 [main] DEBUG org.springframework.test.context.support.ActiveProfilesUtils - Could not find an 'annotation declaring class' for annotation type [org.springframework.test.context.ActiveProfiles] and class [com.gimaletdinova.DemoApplicationTests]
14:55:30.830 [main] DEBUG org.springframework.test.context.web.WebTestContextBootstrapper - @TestExecutionListeners is not present for class [com.gimaletdinova.DemoApplicationTests]: using defaults.
14:55:30.837 [main] INFO org.springframework.test.context.web.WebTestContextBootstrapper - Loaded default TestExecutionListener class names from location [META-INF/spring.factories]: [org.springframework.test.context.web.ServletTestExecutionListener, org.springframework.test.context.support.DirtiesContextBeforeModesTestExecutionListener, org.springframework.test.context.support.DependencyInjectionTestExecutionListener, org.springframework.test.context.support.DirtiesContextTestExecutionListener, org.springframework.test.context.transaction.TransactionalTestExecutionListener, org.springframework.test.context.jdbc.SqlScriptsTestExecutionListener]
14:55:30.838 [main] INFO org.springframework.test.context.web.WebTestContextBootstrapper - Using TestExecutionListeners: [org.springframework.test.context.web.ServletTestExecutionListener@3b088d51, org.springframework.test.context.support.DirtiesContextBeforeModesTestExecutionListener@1786dec2, org.springframework.test.context.support.DependencyInjectionTestExecutionListener@74650e52, org.springframework.test.context.support.DirtiesContextTestExecutionListener@15d0c81b, org.springframework.test.context.transaction.TransactionalTestExecutionListener@6acdbdf5, org.springframework.test.context.jdbc.SqlScriptsTestExecutionListener@4b1c1ea0]
14:55:30.862 [main] DEBUG org.springframework.test.annotation.ProfileValueUtils - Retrieved @ProfileValueSourceConfiguration [null] for test class [com.gimaletdinova.CarServiceTest]
14:55:30.863 [main] DEBUG org.springframework.test.annotation.ProfileValueUtils - Retrieved ProfileValueSource type [class org.springframework.test.annotation.SystemProfileValueSource] for class [com.gimaletdinova.CarServiceTest]
14:55:30.866 [main] DEBUG org.springframework.test.annotation.ProfileValueUtils - Retrieved @ProfileValueSourceConfiguration [null] for test class [com.gimaletdinova.DemoApplicationTests]
14:55:30.867 [main] DEBUG org.springframework.test.annotation.ProfileValueUtils - Retrieved ProfileValueSource type [class org.springframework.test.annotation.SystemProfileValueSource] for class [com.gimaletdinova.DemoApplicationTests]
14:55:30.871 [main] DEBUG org.springframework.test.context.junit4.SpringJUnit4ClassRunner - SpringJUnit4ClassRunner constructor called with [class com.gimaletdinova.CarServiceTest]
14:55:30.871 [main] DEBUG org.springframework.test.context.BootstrapUtils - Instantiating CacheAwareContextLoaderDelegate from class [org.springframework.test.context.cache.DefaultCacheAwareContextLoaderDelegate]
14:55:30.872 [main] DEBUG org.springframework.test.context.BootstrapUtils - Instantiating BootstrapContext using constructor [public org.springframework.test.context.support.DefaultBootstrapContext(java.lang.Class,org.springframework.test.context.CacheAwareContextLoaderDelegate)]
14:55:30.878 [main] DEBUG org.springframework.test.context.BootstrapUtils - Instantiating TestContextBootstrapper for test class [com.gimaletdinova.CarServiceTest] from class [org.springframework.test.context.web.WebTestContextBootstrapper]
14:55:30.881 [main] DEBUG org.springframework.test.context.support.AbstractDelegatingSmartContextLoader - Delegating to AnnotationConfigWebContextLoader to process context configuration [ContextConfigurationAttributes@458c1321 declaringClass = 'com.gimaletdinova.CarServiceTest', classes = '{class com.gimaletdinova.db.TestDataBaseConfig}', locations = '{}', inheritLocations = true, initializers = '{}', inheritInitializers = true, name = [null], contextLoaderClass = 'org.springframework.test.context.ContextLoader'].
14:55:30.882 [main] DEBUG org.springframework.test.context.support.ActiveProfilesUtils - Could not find an 'annotation declaring class' for annotation type [org.springframework.test.context.ActiveProfiles] and class [com.gimaletdinova.CarServiceTest]
14:55:30.883 [main] DEBUG org.springframework.test.context.web.WebTestContextBootstrapper - @TestExecutionListeners is not present for class [com.gimaletdinova.CarServiceTest]: using defaults.
14:55:30.888 [main] INFO org.springframework.test.context.web.WebTestContextBootstrapper - Loaded default TestExecutionListener class names from location [META-INF/spring.factories]: [org.springframework.test.context.web.ServletTestExecutionListener, org.springframework.test.context.support.DirtiesContextBeforeModesTestExecutionListener, org.springframework.test.context.support.DependencyInjectionTestExecutionListener, org.springframework.test.context.support.DirtiesContextTestExecutionListener, org.springframework.test.context.transaction.TransactionalTestExecutionListener, org.springframework.test.context.jdbc.SqlScriptsTestExecutionListener]
14:55:30.889 [main] INFO org.springframework.test.context.web.WebTestContextBootstrapper - Using TestExecutionListeners: [org.springframework.test.context.web.ServletTestExecutionListener@7a765367, org.springframework.test.context.support.DirtiesContextBeforeModesTestExecutionListener@76b0bfab, org.springframework.test.context.support.DependencyInjectionTestExecutionListener@17d677df, org.springframework.test.context.support.DirtiesContextTestExecutionListener@3043fe0e, org.springframework.test.context.transaction.TransactionalTestExecutionListener@78e67e0a, org.springframework.test.context.jdbc.SqlScriptsTestExecutionListener@bd8db5a]
14:55:30.893 [main] DEBUG org.springframework.test.annotation.ProfileValueUtils - Retrieved @ProfileValueSourceConfiguration [null] for test class [com.gimaletdinova.CarServiceTest]
14:55:30.894 [main] DEBUG org.springframework.test.annotation.ProfileValueUtils - Retrieved ProfileValueSource type [class org.springframework.test.annotation.SystemProfileValueSource] for class [com.gimaletdinova.CarServiceTest]
14:55:30.896 [main] DEBUG org.springframework.test.annotation.ProfileValueUtils - Retrieved @ProfileValueSourceConfiguration [null] for test class [com.gimaletdinova.CarServiceTest]
14:55:30.896 [main] DEBUG org.springframework.test.annotation.ProfileValueUtils - Retrieved ProfileValueSource type [class org.springframework.test.annotation.SystemProfileValueSource] for class [com.gimaletdinova.CarServiceTest]
14:55:30.901 [main] DEBUG org.springframework.test.context.support.AbstractDirtiesContextTestExecutionListener - Before test class: context [DefaultTestContext@480bdb19 testClass = CarServiceTest, testInstance = [null], testMethod = [null], testException = [null], mergedContextConfiguration = [WebMergedContextConfiguration@2a556333 testClass = CarServiceTest, locations = '{}', classes = '{class com.gimaletdinova.db.TestDataBaseConfig}', contextInitializerClasses = '[]', activeProfiles = '{}', propertySourceLocations = '{}', propertySourceProperties = '{}', resourceBasePath = 'src/main/webapp', contextLoader = 'org.springframework.test.context.web.WebDelegatingSmartContextLoader', parent = [null]]], class annotated with @DirtiesContext [true] with mode [AFTER_CLASS].
14:55:30.903 [main] DEBUG org.springframework.test.annotation.ProfileValueUtils - Retrieved @ProfileValueSourceConfiguration [null] for test class [com.gimaletdinova.CarServiceTest]
14:55:30.903 [main] DEBUG org.springframework.test.annotation.ProfileValueUtils - Retrieved ProfileValueSource type [class org.springframework.test.annotation.SystemProfileValueSource] for class [com.gimaletdinova.CarServiceTest]
14:55:30.922 [main] DEBUG org.springframework.test.context.support.AbstractDelegatingSmartContextLoader - Delegating to AnnotationConfigWebContextLoader to load context from [WebMergedContextConfiguration@2a556333 testClass = CarServiceTest, locations = '{}', classes = '{class com.gimaletdinova.db.TestDataBaseConfig}', contextInitializerClasses = '[]', activeProfiles = '{}', propertySourceLocations = '{}', propertySourceProperties = '{}', resourceBasePath = 'src/main/webapp', contextLoader = 'org.springframework.test.context.web.WebDelegatingSmartContextLoader', parent = [null]].
14:55:30.922 [main] DEBUG org.springframework.test.context.web.AbstractGenericWebContextLoader - Loading WebApplicationContext for merged context configuration [WebMergedContextConfiguration@2a556333 testClass = CarServiceTest, locations = '{}', classes = '{class com.gimaletdinova.db.TestDataBaseConfig}', contextInitializerClasses = '[]', activeProfiles = '{}', propertySourceLocations = '{}', propertySourceProperties = '{}', resourceBasePath = 'src/main/webapp', contextLoader = 'org.springframework.test.context.web.WebDelegatingSmartContextLoader', parent = [null]].
14:55:31.183 [main] DEBUG org.springframework.web.context.support.StandardServletEnvironment - Adding [servletConfigInitParams] PropertySource with lowest search precedence
14:55:31.184 [main] DEBUG org.springframework.web.context.support.StandardServletEnvironment - Adding [servletContextInitParams] PropertySource with lowest search precedence
14:55:31.192 [main] DEBUG org.springframework.web.context.support.StandardServletEnvironment - Adding [systemProperties] PropertySource with lowest search precedence
14:55:31.195 [main] DEBUG org.springframework.web.context.support.StandardServletEnvironment - Adding [systemEnvironment] PropertySource with lowest search precedence
14:55:31.195 [main] DEBUG org.springframework.web.context.support.StandardServletEnvironment - Initialized StandardServletEnvironment with PropertySources [servletConfigInitParams,servletContextInitParams,systemProperties,systemEnvironment]
14:55:31.195 [main] DEBUG org.springframework.test.context.web.AnnotationConfigWebContextLoader - Registering annotated classes: {class com.gimaletdinova.db.TestDataBaseConfig}
14:55:31.322 [main] INFO org.springframework.web.context.support.GenericWebApplicationContext - Refreshing org.springframework.web.context.support.GenericWebApplicationContext@262b2c86: startup date [Wed May 25 14:55:31 EET 2016]; root of context hierarchy
14:55:31.330 [main] DEBUG org.springframework.web.context.support.StandardServletEnvironment - Replacing [servletContextInitParams] PropertySource with [servletContextInitParams]
14:55:31.331 [main] DEBUG org.springframework.web.context.support.GenericWebApplicationContext - Bean factory for org.springframework.web.context.support.GenericWebApplicationContext@262b2c86: org.springframework.beans.factory.support.DefaultListableBeanFactory@7ff95560: defining beans [org.springframework.context.annotation.internalConfigurationAnnotationProcessor,org.springframework.context.annotation.internalAutowiredAnnotationProcessor,org.springframework.context.annotation.internalRequiredAnnotationProcessor,org.springframework.context.annotation.internalCommonAnnotationProcessor,org.springframework.context.annotation.internalPersistenceAnnotationProcessor,org.springframework.context.event.internalEventListenerProcessor,org.springframework.context.event.internalEventListenerFactory,testDataBaseConfig]; root of factory hierarchy
14:55:31.363 [main] DEBUG org.springframework.beans.factory.support.DefaultListableBeanFactory - Registering scope 'request' with implementation [org.springframework.web.context.request.RequestScope@27ae2fd0]
14:55:31.364 [main] DEBUG org.springframework.beans.factory.support.DefaultListableBeanFactory - Registering scope 'session' with implementation [org.springframework.web.context.request.SessionScope@4278a03f]
14:55:31.364 [main] DEBUG org.springframework.beans.factory.support.DefaultListableBeanFactory - Registering scope 'globalSession' with implementation [org.springframework.web.context.request.SessionScope@147ed70f]
14:55:31.365 [main] DEBUG org.springframework.beans.factory.support.DefaultListableBeanFactory - Registering scope 'application' with implementation [org.springframework.web.context.support.ServletContextScope@15b204a1]
14:55:31.373 [main] DEBUG org.springframework.beans.factory.support.DefaultListableBeanFactory - Creating shared instance of singleton bean 'org.springframework.context.annotation.internalConfigurationAnnotationProcessor'
14:55:31.374 [main] DEBUG org.springframework.beans.factory.support.DefaultListableBeanFactory - Creating instance of bean 'org.springframework.context.annotation.internalConfigurationAnnotationProcessor'
14:55:31.424 [main] DEBUG org.springframework.beans.factory.support.DefaultListableBeanFactory - Eagerly caching bean 'org.springframework.context.annotation.internalConfigurationAnnotationProcessor' to allow for resolving potential circular references
14:55:31.428 [main] DEBUG org.springframework.beans.factory.support.DefaultListableBeanFactory - Finished creating instance of bean 'org.springframework.context.annotation.internalConfigurationAnnotationProcessor'
14:55:31.504 [main] DEBUG org.springframework.core.env.StandardEnvironment - Adding [systemProperties] PropertySource with lowest search precedence
14:55:31.505 [main] DEBUG org.springframework.core.env.StandardEnvironment - Adding [systemEnvironment] PropertySource with lowest search precedence
14:55:31.506 [main] DEBUG org.springframework.core.env.StandardEnvironment - Initialized StandardEnvironment with PropertySources [systemProperties,systemEnvironment]
14:55:31.515 [main] DEBUG org.springframework.context.annotation.ClassPathBeanDefinitionScanner - JSR-250 'javax.annotation.ManagedBean' found and supported for component scanning
14:55:31.526 [main] DEBUG org.springframework.core.io.support.PathMatchingResourcePatternResolver - Resolved classpath location [com/gimaletdinova/] to resources [URL [file:/C:/Users/%d0%90%d0%bb%d1%8c%d0%b1%d0%b8%d0%bd%d0%b0/DbProject2/Parktron/target/test-classes/com/gimaletdinova/], URL [file:/C:/Users/%d0%90%d0%bb%d1%8c%d0%b1%d0%b8%d0%bd%d0%b0/DbProject2/Parktron/target/classes/com/gimaletdinova/]]
14:55:31.531 [main] DEBUG org.springframework.core.io.support.PathMatchingResourcePatternResolver - Looking for matching resources in directory tree [C:\Users\Альбина\DbProject2\Parktron\target\test-classes\com\gimaletdinova]
14:55:31.533 [main] DEBUG org.springframework.core.io.support.PathMatchingResourcePatternResolver - Searching directory [C:\Users\Альбина\DbProject2\Parktron\target\test-classes\com\gimaletdinova] for files matching pattern [C:/Users/Альбина/DbProject2/Parktron/target/test-classes/com/gimaletdinova/**/*.class]
14:55:31.545 [main] DEBUG org.springframework.core.io.support.PathMatchingResourcePatternResolver - Looking for matching resources in directory tree [C:\Users\Альбина\DbProject2\Parktron\target\classes\com\gimaletdinova]
14:55:31.546 [main] DEBUG org.springframework.core.io.support.PathMatchingResourcePatternResolver - Searching directory [C:\Users\Альбина\DbProject2\Parktron\target\classes\com\gimaletdinova] for files matching pattern [C:/Users/Альбина/DbProject2/Parktron/target/classes/com/gimaletdinova/**/*.class]
14:55:31.550 [main] DEBUG org.springframework.core.io.support.PathMatchingResourcePatternResolver - Searching directory [C:\Users\Альбина\DbProject2\Parktron\target\classes\com\gimaletdinova\db] for files matching pattern [C:/Users/Альбина/DbProject2/Parktron/target/classes/com/gimaletdinova/**/*.class]
14:55:31.553 [main] DEBUG org.springframework.core.io.support.PathMatchingResourcePatternResolver - Searching directory [C:\Users\Альбина\DbProject2\Parktron\target\classes\com\gimaletdinova\entity] for files matching pattern [C:/Users/Альбина/DbProject2/Parktron/target/classes/com/gimaletdinova/**/*.class]
14:55:31.555 [main] DEBUG org.springframework.core.io.support.PathMatchingResourcePatternResolver - Searching directory [C:\Users\Альбина\DbProject2\Parktron\target\classes\com\gimaletdinova\repository] for files matching pattern [C:/Users/Альбина/DbProject2/Parktron/target/classes/com/gimaletdinova/**/*.class]
14:55:31.557 [main] DEBUG org.springframework.core.io.support.PathMatchingResourcePatternResolver - Searching directory [C:\Users\Альбина\DbProject2\Parktron\target\classes\com\gimaletdinova\service] for files matching pattern [C:/Users/Альбина/DbProject2/Parktron/target/classes/com/gimaletdinova/**/*.class]
14:55:31.559 [main] DEBUG org.springframework.core.io.support.PathMatchingResourcePatternResolver - Searching directory [C:\Users\Альбина\DbProject2\Parktron\target\classes\com\gimaletdinova\service\impl] for files matching pattern [C:/Users/Альбина/DbProject2/Parktron/target/classes/com/gimaletdinova/**/*.class]
14:55:31.565 [main] DEBUG org.springframework.core.io.support.PathMatchingResourcePatternResolver - Resolved location pattern [classpath*:com/gimaletdinova/**/*.class] to resources [file [C:\Users\Альбина\DbProject2\Parktron\target\test-classes\com\gimaletdinova\CarServiceTest.class], file [C:\Users\Альбина\DbProject2\Parktron\target\test-classes\com\gimaletdinova\ClientServiceTest.class], file [C:\Users\Альбина\DbProject2\Parktron\target\test-classes\com\gimaletdinova\DemoApplicationTests.class], file [C:\Users\Альбина\DbProject2\Parktron\target\test-classes\com\gimaletdinova\DispatcherServiceTest.class], file [C:\Users\Альбина\DbProject2\Parktron\target\test-classes\com\gimaletdinova\DriverServiceTest.class], file [C:\Users\Альбина\DbProject2\Parktron\target\test-classes\com\gimaletdinova\OrderServiceTest.class], file [C:\Users\Альбина\DbProject2\Parktron\target\classes\com\gimaletdinova\db\DataBaseConnection.class], file [C:\Users\Альбина\DbProject2\Parktron\target\classes\com\gimaletdinova\db\TestDataBaseConfig.class], file [C:\Users\Альбина\DbProject2\Parktron\target\classes\com\gimaletdinova\entity\Car.class], file [C:\Users\Альбина\DbProject2\Parktron\target\classes\com\gimaletdinova\entity\Client.class], file [C:\Users\Альбина\DbProject2\Parktron\target\classes\com\gimaletdinova\entity\Dispatcher.class], file [C:\Users\Альбина\DbProject2\Parktron\target\classes\com\gimaletdinova\entity\Driver.class], file [C:\Users\Альбина\DbProject2\Parktron\target\classes\com\gimaletdinova\entity\Order.class], file [C:\Users\Альбина\DbProject2\Parktron\target\classes\com\gimaletdinova\repository\CarRepository.class], file [C:\Users\Альбина\DbProject2\Parktron\target\classes\com\gimaletdinova\repository\ClientRepository.class], file [C:\Users\Альбина\DbProject2\Parktron\target\classes\com\gimaletdinova\repository\DispatcherRepository.class], file [C:\Users\Альбина\DbProject2\Parktron\target\classes\com\gimaletdinova\repository\DriverRepository.class], file [C:\Users\Альбина\DbProject2\Parktron\target\classes\com\gimaletdinova\repository\OrderRepository.class], file [C:\Users\Альбина\DbProject2\Parktron\target\classes\com\gimaletdinova\RunApplication.class], file [C:\Users\Альбина\DbProject2\Parktron\target\classes\com\gimaletdinova\service\CarService.class], file [C:\Users\Альбина\DbProject2\Parktron\target\classes\com\gimaletdinova\service\ClientService.class], file [C:\Users\Альбина\DbProject2\Parktron\target\classes\com\gimaletdinova\service\DispatcherService.class], file [C:\Users\Альбина\DbProject2\Parktron\target\classes\com\gimaletdinova\service\DriverService.class], file [C:\Users\Альбина\DbProject2\Parktron\target\classes\com\gimaletdinova\service\impl\CarServiceImpl.class], file [C:\Users\Альбина\DbProject2\Parktron\target\classes\com\gimaletdinova\service\impl\ClientServiceImpl.class], file [C:\Users\Альбина\DbProject2\Parktron\target\classes\com\gimaletdinova\service\impl\DispatcherServiceImpl.class], file [C:\Users\Альбина\DbProject2\Parktron\target\classes\com\gimaletdinova\service\impl\DriverServiceImpl.class], file [C:\Users\Альбина\DbProject2\Parktron\target\classes\com\gimaletdinova\service\impl\OrderServiceImpl.class], file [C:\Users\Альбина\DbProject2\Parktron\target\classes\com\gimaletdinova\service\OrderService.class]]
14:55:31.771 [main] DEBUG org.springframework.context.annotation.ClassPathBeanDefinitionScanner - Identified candidate component class: file [C:\Users\Альбина\DbProject2\Parktron\target\classes\com\gimaletdinova\RunApplication.class]
14:55:31.777 [main] DEBUG org.springframework.context.annotation.ClassPathBeanDefinitionScanner - Identified candidate component class: file [C:\Users\Альбина\DbProject2\Parktron\target\classes\com\gimaletdinova\service\impl\CarServiceImpl.class]
14:55:31.779 [main] DEBUG org.springframework.context.annotation.ClassPathBeanDefinitionScanner - Identified candidate component class: file [C:\Users\Альбина\DbProject2\Parktron\target\classes\com\gimaletdinova\service\impl\ClientServiceImpl.class]
14:55:31.780 [main] DEBUG org.springframework.context.annotation.ClassPathBeanDefinitionScanner - Identified candidate component class: file [C:\Users\Альбина\DbProject2\Parktron\target\classes\com\gimaletdinova\service\impl\DispatcherServiceImpl.class]
14:55:31.783 [main] DEBUG org.springframework.context.annotation.ClassPathBeanDefinitionScanner - Identified candidate component class: file [C:\Users\Альбина\DbProject2\Parktron\target\classes\com\gimaletdinova\service\impl\DriverServiceImpl.class]
14:55:31.784 [main] DEBUG org.springframework.context.annotation.ClassPathBeanDefinitionScanner - Identified candidate component class: file [C:\Users\Альбина\DbProject2\Parktron\target\classes\com\gimaletdinova\service\impl\OrderServiceImpl.class]
14:55:31.797 [main] DEBUG org.springframework.core.env.StandardEnvironment - Adding [systemProperties] PropertySource with lowest search precedence
14:55:31.797 [main] DEBUG org.springframework.core.env.StandardEnvironment - Adding [systemEnvironment] PropertySource with lowest search precedence
14:55:31.798 [main] DEBUG org.springframework.core.env.StandardEnvironment - Initialized StandardEnvironment with PropertySources [systemProperties,systemEnvironment]
14:55:31.798 [main] DEBUG org.springframework.context.annotation.ClassPathBeanDefinitionScanner - JSR-250 'javax.annotation.ManagedBean' found and supported for component scanning
14:55:31.799 [main] DEBUG org.springframework.core.io.support.PathMatchingResourcePatternResolver - Resolved classpath location [com/gimaletdinova/] to resources [URL [file:/C:/Users/%d0%90%d0%bb%d1%8c%d0%b1%d0%b8%d0%bd%d0%b0/DbProject2/Parktron/target/test-classes/com/gimaletdinova/], URL [file:/C:/Users/%d0%90%d0%bb%d1%8c%d0%b1%d0%b8%d0%bd%d0%b0/DbProject2/Parktron/target/classes/com/gimaletdinova/]]
14:55:31.800 [main] DEBUG org.springframework.core.io.support.PathMatchingResourcePatternResolver - Looking for matching resources in directory tree [C:\Users\Альбина\DbProject2\Parktron\target\test-classes\com\gimaletdinova]
14:55:31.801 [main] DEBUG org.springframework.core.io.support.PathMatchingResourcePatternResolver - Searching directory [C:\Users\Альбина\DbProject2\Parktron\target\test-classes\com\gimaletdinova] for files matching pattern [C:/Users/Альбина/DbProject2/Parktron/target/test-classes/com/gimaletdinova/**/*.class]
14:55:31.802 [main] DEBUG org.springframework.core.io.support.PathMatchingResourcePatternResolver - Looking for matching resources in directory tree [C:\Users\Альбина\DbProject2\Parktron\target\classes\com\gimaletdinova]
14:55:31.803 [main] DEBUG org.springframework.core.io.support.PathMatchingResourcePatternResolver - Searching directory [C:\Users\Альбина\DbProject2\Parktron\target\classes\com\gimaletdinova] for files matching pattern [C:/Users/Альбина/DbProject2/Parktron/target/classes/com/gimaletdinova/**/*.class]
14:55:31.804 [main] DEBUG org.springframework.core.io.support.PathMatchingResourcePatternResolver - Searching directory [C:\Users\Альбина\DbProject2\Parktron\target\classes\com\gimaletdinova\db] for files matching pattern [C:/Users/Альбина/DbProject2/Parktron/target/classes/com/gimaletdinova/**/*.class]
14:55:31.806 [main] DEBUG org.springframework.core.io.support.PathMatchingResourcePatternResolver - Searching directory [C:\Users\Альбина\DbProject2\Parktron\target\classes\com\gimaletdinova\entity] for files matching pattern [C:/Users/Альбина/DbProject2/Parktron/target/classes/com/gimaletdinova/**/*.class]
14:55:31.808 [main] DEBUG org.springframework.core.io.support.PathMatchingResourcePatternResolver - Searching directory [C:\Users\Альбина\DbProject2\Parktron\target\classes\com\gimaletdinova\repository] for files matching pattern [C:/Users/Альбина/DbProject2/Parktron/target/classes/com/gimaletdinova/**/*.class]
14:55:31.810 [main] DEBUG org.springframework.core.io.support.PathMatchingResourcePatternResolver - Searching directory [C:\Users\Альбина\DbProject2\Parktron\target\classes\com\gimaletdinova\service] for files matching pattern [C:/Users/Альбина/DbProject2/Parktron/target/classes/com/gimaletdinova/**/*.class]
14:55:31.812 [main] DEBUG org.springframework.core.io.support.PathMatchingResourcePatternResolver - Searching directory [C:\Users\Альбина\DbProject2\Parktron\target\classes\com\gimaletdinova\service\impl] for files matching pattern [C:/Users/Альбина/DbProject2/Parktron/target/classes/com/gimaletdinova/**/*.class]
14:55:31.815 [main] DEBUG org.springframework.core.io.support.PathMatchingResourcePatternResolver - Resolved location pattern [classpath*:com/gimaletdinova/**/*.class] to resources [file [C:\Users\Альбина\DbProject2\Parktron\target\test-classes\com\gimaletdinova\CarServiceTest.class], file [C:\Users\Альбина\DbProject2\Parktron\target\test-classes\com\gimaletdinova\ClientServiceTest.class], file [C:\Users\Альбина\DbProject2\Parktron\target\test-classes\com\gimaletdinova\DemoApplicationTests.class], file [C:\Users\Альбина\DbProject2\Parktron\target\test-classes\com\gimaletdinova\DispatcherServiceTest.class], file [C:\Users\Альбина\DbProject2\Parktron\target\test-classes\com\gimaletdinova\DriverServiceTest.class], file [C:\Users\Альбина\DbProject2\Parktron\target\test-classes\com\gimaletdinova\OrderServiceTest.class], file [C:\Users\Альбина\DbProject2\Parktron\target\classes\com\gimaletdinova\db\DataBaseConnection.class], file [C:\Users\Альбина\DbProject2\Parktron\target\classes\com\gimaletdinova\db\TestDataBaseConfig.class], file [C:\Users\Альбина\DbProject2\Parktron\target\classes\com\gimaletdinova\entity\Car.class], file [C:\Users\Альбина\DbProject2\Parktron\target\classes\com\gimaletdinova\entity\Client.class], file [C:\Users\Альбина\DbProject2\Parktron\target\classes\com\gimaletdinova\entity\Dispatcher.class], file [C:\Users\Альбина\DbProject2\Parktron\target\classes\com\gimaletdinova\entity\Driver.class], file [C:\Users\Альбина\DbProject2\Parktron\target\classes\com\gimaletdinova\entity\Order.class], file [C:\Users\Альбина\DbProject2\Parktron\target\classes\com\gimaletdinova\repository\CarRepository.class], file [C:\Users\Альбина\DbProject2\Parktron\target\classes\com\gimaletdinova\repository\ClientRepository.class], file [C:\Users\Альбина\DbProject2\Parktron\target\classes\com\gimaletdinova\repository\DispatcherRepository.class], file [C:\Users\Альбина\DbProject2\Parktron\target\classes\com\gimaletdinova\repository\DriverRepository.class], file [C:\Users\Альбина\DbProject2\Parktron\target\classes\com\gimaletdinova\repository\OrderRepository.class], file [C:\Users\Альбина\DbProject2\Parktron\target\classes\com\gimaletdinova\RunApplication.class], file [C:\Users\Альбина\DbProject2\Parktron\target\classes\com\gimaletdinova\service\CarService.class], file [C:\Users\Альбина\DbProject2\Parktron\target\classes\com\gimaletdinova\service\ClientService.class], file [C:\Users\Альбина\DbProject2\Parktron\target\classes\com\gimaletdinova\service\DispatcherService.class], file [C:\Users\Альбина\DbProject2\Parktron\target\classes\com\gimaletdinova\service\DriverService.class], file [C:\Users\Альбина\DbProject2\Parktron\target\classes\com\gimaletdinova\service\impl\CarServiceImpl.class], file [C:\Users\Альбина\DbProject2\Parktron\target\classes\com\gimaletdinova\service\impl\ClientServiceImpl.class], file [C:\Users\Альбина\DbProject2\Parktron\target\classes\com\gimaletdinova\service\impl\DispatcherServiceImpl.class], file [C:\Users\Альбина\DbProject2\Parktron\target\classes\com\gimaletdinova\service\impl\DriverServiceImpl.class], file [C:\Users\Альбина\DbProject2\Parktron\target\classes\com\gimaletdinova\service\impl\OrderServiceImpl.class], file [C:\Users\Альбина\DbProject2\Parktron\target\classes\com\gimaletdinova\service\OrderService.class]]
14:55:31.827 [main] DEBUG org.springframework.context.annotation.ClassPathBeanDefinitionScanner - Identified candidate component class: file [C:\Users\Альбина\DbProject2\Parktron\target\classes\com\gimaletdinova\db\TestDataBaseConfig.class]
14:55:31.847 [main] DEBUG org.springframework.context.annotation.ClassPathBeanDefinitionScanner - Identified candidate component class: file [C:\Users\Альбина\DbProject2\Parktron\target\classes\com\gimaletdinova\service\impl\CarServiceImpl.class]
14:55:31.849 [main] DEBUG org.springframework.context.annotation.ClassPathBeanDefinitionScanner - Identified candidate component class: file [C:\Users\Альбина\DbProject2\Parktron\target\classes\com\gimaletdinova\service\impl\ClientServiceImpl.class]
14:55:31.850 [main] DEBUG org.springframework.context.annotation.ClassPathBeanDefinitionScanner - Identified candidate component class: file [C:\Users\Альбина\DbProject2\Parktron\target\classes\com\gimaletdinova\service\impl\DispatcherServiceImpl.class]
14:55:31.851 [main] DEBUG org.springframework.context.annotation.ClassPathBeanDefinitionScanner - Identified candidate component class: file [C:\Users\Альбина\DbProject2\Parktron\target\classes\com\gimaletdinova\service\impl\DriverServiceImpl.class]
14:55:31.853 [main] DEBUG org.springframework.context.annotation.ClassPathBeanDefinitionScanner - Identified candidate component class: file [C:\Users\Альбина\DbProject2\Parktron\target\classes\com\gimaletdinova\service\impl\OrderServiceImpl.class]
14:55:32.099 [main] DEBUG org.springframework.core.env.PropertySourcesPropertyResolver - Searching for key 'idea.version' in [servletConfigInitParams]
14:55:32.100 [main] DEBUG org.springframework.core.env.PropertySourcesPropertyResolver - Searching for key 'idea.version' in [servletContextInitParams]
14:55:32.100 [main] DEBUG org.springframework.core.env.PropertySourcesPropertyResolver - Searching for key 'idea.version' in [systemProperties]
14:55:32.100 [main] DEBUG org.springframework.core.env.PropertySourcesPropertyResolver - Found key 'idea.version' in [systemProperties] with type [String] and value '2016.1.2'
14:55:32.107 [main] DEBUG org.springframework.core.env.PropertySourcesPropertyResolver - Searching for key 'java.runtime.name' in [servletConfigInitParams]
14:55:32.107 [main] DEBUG org.springframework.core.env.PropertySourcesPropertyResolver - Searching for key 'java.runtime.name' in [servletContextInitParams]
14:55:32.107 [main] DEBUG org.springframework.core.env.PropertySourcesPropertyResolver - Searching for key 'java.runtime.name' in [systemProperties]
14:55:32.109 [main] DEBUG org.springframework.core.env.PropertySourcesPropertyResolver - Found key 'java.runtime.name' in [systemProperties] with type [String] and value 'Java(TM) SE Runtime Environment'
14:55:32.109 [main] DEBUG org.springframework.core.env.PropertySourcesPropertyResolver - Searching for key 'sun.boot.library.path' in [servletConfigInitParams]
14:55:32.110 [main] DEBUG org.springframework.core.env.PropertySourcesPropertyResolver - Searching for key 'sun.boot.library.path' in [servletContextInitParams]
14:55:32.111 [main] DEBUG org.springframework.core.env.PropertySourcesPropertyResolver - Searching for key 'sun.boot.library.path' in [systemProperties]
14:55:32.112 [main] DEBUG org.springframework.core.env.PropertySourcesPropertyResolver - Found key 'sun.boot.library.path' in [systemProperties] with type [String] and value 'C:\Program Files\Java\jdk1.8.0_91\jre\bin'
14:55:32.112 [main] DEBUG org.springframework.core.env.PropertySourcesPropertyResolver - Searching for key 'java.vm.version' in [servletConfigInitParams]
14:55:32.113 [main] DEBUG org.springframework.core.env.PropertySourcesPropertyResolver - Searching for key 'java.vm.version' in [servletContextInitParams]
14:55:32.113 [main] DEBUG org.springframework.core.env.PropertySourcesPropertyResolver - Searching for key 'java.vm.version' in [systemProperties]
14:55:32.113 [main] DEBUG org.springframework.core.env.PropertySourcesPropertyResolver - Found key 'java.vm.version' in [systemProperties] with type [String] and value '25.91-b14'
14:55:32.114 [main] DEBUG org.springframework.core.env.PropertySourcesPropertyResolver - Searching for key 'java.vm.vendor' in [servletConfigInitParams]
14:55:32.114 [main] DEBUG org.springframework.core.env.PropertySourcesPropertyResolver - Searching for key 'java.vm.vendor' in [servletContextInitParams]
14:55:32.119 [main] DEBUG org.springframework.core.env.PropertySourcesPropertyResolver - Searching for key 'java.vm.vendor' in [systemProperties]
14:55:32.120 [main] DEBUG org.springframework.core.env.PropertySourcesPropertyResolver - Found key 'java.vm.vendor' in [systemProperties] with type [String] and value 'Oracle Corporation'
14:55:32.121 [main] DEBUG org.springframework.core.env.PropertySourcesPropertyResolver - Searching for key 'java.vendor.url' in [servletConfigInitParams]
14:55:32.121 [main] DEBUG org.springframework.core.env.PropertySourcesPropertyResolver - Searching for key 'java.vendor.url' in [servletContextInitParams]
14:55:32.122 [main] DEBUG org.springframework.core.env.PropertySourcesPropertyResolver - Searching for key 'java.vendor.url' in [systemProperties]
14:55:32.122 [main] DEBUG org.springframework.core.env.PropertySourcesPropertyResolver - Found key 'java.vendor.url' in [systemProperties] with type [String] and value 'http://java.oracle.com/'
14:55:32.122 [main] DEBUG org.springframework.core.env.PropertySourcesPropertyResolver - Searching for key 'path.separator' in [servletConfigInitParams]
14:55:32.123 [main] DEBUG org.springframework.core.env.PropertySourcesPropertyResolver - Searching for key 'path.separator' in [servletContextInitParams]
14:55:32.126 [main] DEBUG org.springframework.core.env.PropertySourcesPropertyResolver - Searching for key 'path.separator' in [systemProperties]
14:55:32.126 [main] DEBUG org.springframework.core.env.PropertySourcesPropertyResolver - Found key 'path.separator' in [systemProperties] with type [String] and value ';'
14:55:32.127 [main] DEBUG org.springframework.core.env.PropertySourcesPropertyResolver - Searching for key 'java.vm.name' in [servletConfigInitParams]
14:55:32.127 [main] DEBUG org.springframework.core.env.PropertySourcesPropertyResolver - Searching for key 'java.vm.name' in [servletContextInitParams]
14:55:32.127 [main] DEBUG org.springframework.core.env.PropertySourcesPropertyResolver - Searching for key 'java.vm.name' in [systemProperties]
14:55:32.128 [main] DEBUG org.springframework.core.env.PropertySourcesPropertyResolver - Found key 'java.vm.name' in [systemProperties] with type [String] and value 'Java HotSpot(TM) 64-Bit Server VM'
14:55:32.128 [main] DEBUG org.springframework.core.env.PropertySourcesPropertyResolver - Searching for key 'file.encoding.pkg' in [servletConfigInitParams]
14:55:32.130 [main] DEBUG org.springframework.core.env.PropertySourcesPropertyResolver - Searching for key 'file.encoding.pkg' in [servletContextInitParams]
14:55:32.130 [main] DEBUG org.springframework.core.env.PropertySourcesPropertyResolver - Searching for key 'file.encoding.pkg' in [systemProperties]
14:55:32.130 [main] DEBUG org.springframework.core.env.PropertySourcesPropertyResolver - Found key 'file.encoding.pkg' in [systemProperties] with type [String] and value 'sun.io'
14:55:32.130 [main] DEBUG org.springframework.core.env.PropertySourcesPropertyResolver - Searching for key 'user.country' in [servletConfigInitParams]
14:55:32.130 [main] DEBUG org.springframework.core.env.PropertySourcesPropertyResolver - Searching for key 'user.country' in [servletContextInitParams]
14:55:32.130 [main] DEBUG org.springframework.core.env.PropertySourcesPropertyResolver - Searching for key 'user.country' in [systemProperties]
14:55:32.131 [main] DEBUG org.springframework.core.env.PropertySourcesPropertyResolver - Found key 'user.country' in [systemProperties] with type [String] and value 'RU'
14:55:32.131 [main] DEBUG org.springframework.core.env.PropertySourcesPropertyResolver - Searching for key 'user.script' in [servletConfigInitParams]
14:55:32.131 [main] DEBUG org.springframework.core.env.PropertySourcesPropertyResolver - Searching for key 'user.script' in [servletContextInitParams]
14:55:32.131 [main] DEBUG org.springframework.core.env.PropertySourcesPropertyResolver - Searching for key 'user.script' in [systemProperties]
14:55:32.131 [main] DEBUG org.springframework.core.env.PropertySourcesPropertyResolver - Found key 'user.script' in [systemProperties] with type [String] and value ''
14:55:32.131 [main] DEBUG org.springframework.core.env.PropertySourcesPropertyResolver - Searching for key 'sun.java.launcher' in [servletConfigInitParams]
14:55:32.132 [main] DEBUG org.springframework.core.env.PropertySourcesPropertyResolver - Searching for key 'sun.java.launcher' in [servletContextInitParams]
14:55:32.132 [main] DEBUG org.springframework.core.env.PropertySourcesPropertyResolver - Searching for key 'sun.java.launcher' in [systemProperties]
14:55:32.132 [main] DEBUG org.springframework.core.env.PropertySourcesPropertyResolver - Found key 'sun.java.launcher' in [systemProperties] with type [String] and value 'SUN_STANDARD'
14:55:32.137 [main] DEBUG org.springframework.core.env.PropertySourcesPropertyResolver - Searching for key 'sun.os.patch.level' in [servletConfigInitParams]
14:55:32.137 [main] DEBUG org.springframework.core.env.PropertySourcesPropertyResolver - Searching for key 'sun.os.patch.level' in [servletContextInitParams]
14:55:32.138 [main] DEBUG org.springframework.core.env.PropertySourcesPropertyResolver - Searching for key 'sun.os.patch.level' in [systemProperties]
14:55:32.138 [main] DEBUG org.springframework.core.env.PropertySourcesPropertyResolver - Found key 'sun.os.patch.level' in [systemProperties] with type [String] and value ''
14:55:32.138 [main] DEBUG org.springframework.core.env.PropertySourcesPropertyResolver - Searching for key 'java.vm.specification.name' in [servletConfigInitParams]
14:55:32.139 [main] DEBUG org.springframework.core.env.PropertySourcesPropertyResolver - Searching for key 'java.vm.specification.name' in [servletContextInitParams]
14:55:32.139 [main] DEBUG org.springframework.core.env.PropertySourcesPropertyResolver - Searching for key 'java.vm.specification.name' in [systemProperties]
14:55:32.139 [main] DEBUG org.springframework.core.env.PropertySourcesPropertyResolver - Found key 'java.vm.specification.name' in [systemProperties] with type [String] and value 'Java Virtual Machine Specification'
14:55:32.140 [main] DEBUG org.springframework.core.env.PropertySourcesPropertyResolver - Searching for key 'user.dir' in [servletConfigInitParams]
14:55:32.140 [main] DEBUG org.springframework.core.env.PropertySourcesPropertyResolver - Searching for key 'user.dir' in [servletContextInitParams]
14:55:32.140 [main] DEBUG org.springframework.core.env.PropertySourcesPropertyResolver - Searching for key 'user.dir' in [systemProperties]
14:55:32.140 [main] DEBUG org.springframework.core.env.PropertySourcesPropertyResolver - Found key 'user.dir' in [systemProperties] with type [String] and value 'C:\Users\Альбина\DbProject2\Parktron'
14:55:32.141 [main] DEBUG org.springframework.core.env.PropertySourcesPropertyResolver - Searching for key 'java.runtime.version' in [servletConfigInitParams]
14:55:32.142 [main] DEBUG org.springframework.core.env.PropertySourcesPropertyResolver - Searching for key 'java.runtime.version' in [servletContextInitParams]
14:55:32.142 [main] DEBUG org.springframework.core.env.PropertySourcesPropertyResolver - Searching for key 'java.runtime.version' in [systemProperties]
14:55:32.143 [main] DEBUG org.springframework.core.env.PropertySourcesPropertyResolver - Found key 'java.runtime.version' in [systemProperties] with type [String] and value '1.8.0_91-b14'
14:55:32.143 [main] DEBUG org.springframework.core.env.PropertySourcesPropertyResolver - Searching for key 'basedir' in [servletConfigInitParams]
14:55:32.143 [main] DEBUG org.springframework.core.env.PropertySourcesPropertyResolver - Searching for key 'basedir' in [servletContextInitParams]
14:55:32.143 [main] DEBUG org.springframework.core.env.PropertySourcesPropertyResolver - Searching for key 'basedir' in [systemProperties]
14:55:32.143 [main] DEBUG org.springframework.core.env.PropertySourcesPropertyResolver - Found key 'basedir' in [systemProperties] with type [String] and value 'C:\Users\Альбина\DbProject2\Parktron'
14:55:32.144 [main] DEBUG org.springframework.core.env.PropertySourcesPropertyResolver - Searching for key 'java.awt.graphicsenv' in [servletConfigInitParams]
14:55:32.144 [main] DEBUG org.springframework.core.env.PropertySourcesPropertyResolver - Searching for key 'java.awt.graphicsenv' in [servletContextInitParams]
14:55:32.145 [main] DEBUG org.springframework.core.env.PropertySourcesPropertyResolver - Searching for key 'java.awt.graphicsenv' in [systemProperties]
14:55:32.145 [main] DEBUG org.springframework.core.env.PropertySourcesPropertyResolver - Found key 'java.awt.graphicsenv' in [systemProperties] with type [String] and value 'sun.awt.Win32GraphicsEnvironment'
14:55:32.145 [main] DEBUG org.springframework.core.env.PropertySourcesPropertyResolver - Searching for key 'java.endorsed.dirs' in [servletConfigInitParams]
14:55:32.145 [main] DEBUG org.springframework.core.env.PropertySourcesPropertyResolver - Searching for key 'java.endorsed.dirs' in [servletContextInitParams]
14:55:32.145 [main] DEBUG org.springframework.core.env.PropertySourcesPropertyResolver - Searching for key 'java.endorsed.dirs' in [systemProperties]
14:55:32.146 [main] DEBUG org.springframework.core.env.PropertySourcesPropertyResolver - Found key 'java.endorsed.dirs' in [systemProperties] with type [String] and value 'C:\Program Files\Java\jdk1.8.0_91\jre\lib\endorsed'
14:55:32.146 [main] DEBUG org.springframework.core.env.PropertySourcesPropertyResolver - Searching for key 'os.arch' in [servletConfigInitParams]
14:55:32.146 [main] DEBUG org.springframework.core.env.PropertySourcesPropertyResolver - Searching for key 'os.arch' in [servletContextInitParams]
14:55:32.146 [main] DEBUG org.springframework.core.env.PropertySourcesPropertyResolver - Searching for key 'os.arch' in [systemProperties]
14:55:32.146 [main] DEBUG org.springframework.core.env.PropertySourcesPropertyResolver - Found key 'os.arch' in [systemProperties] with type [String] and value 'amd64'
14:55:32.147 [main] DEBUG org.springframework.core.env.PropertySourcesPropertyResolver - Searching for key 'surefire.real.class.path' in [servletConfigInitParams]
14:55:32.147 [main] DEBUG org.springframework.core.env.PropertySourcesPropertyResolver - Searching for key 'surefire.real.class.path' in [servletContextInitParams]
14:55:32.147 [main] DEBUG org.springframework.core.env.PropertySourcesPropertyResolver - Searching for key 'surefire.real.class.path' in [systemProperties]
14:55:32.147 [main] DEBUG org.springframework.core.env.PropertySourcesPropertyResolver - Found key 'surefire.real.class.path' in [systemProperties] with type [String] and value 'C:\Users\Альбина\DbProject2\Parktron\target\surefire\surefirebooter5172570567923999092.jar'
14:55:32.147 [main] DEBUG org.springframework.core.env.PropertySourcesPropertyResolver - Searching for key 'java.io.tmpdir' in [servletConfigInitParams]
14:55:32.147 [main] DEBUG org.springframework.core.env.PropertySourcesPropertyResolver - Searching for key 'java.io.tmpdir' in [servletContextInitParams]
14:55:32.147 [main] DEBUG org.springframework.core.env.PropertySourcesPropertyResolver - Searching for key 'java.io.tmpdir' in [systemProperties]
14:55:32.148 [main] DEBUG org.springframework.core.env.PropertySourcesPropertyResolver - Found key 'java.io.tmpdir' in [systemProperties] with type [String] and value 'C:\Users\6703~1\AppData\Local\Temp\'
14:55:32.149 [main] DEBUG org.springframework.core.env.PropertySourcesPropertyResolver - Searching for key 'line.separator' in [servletConfigInitParams]
14:55:32.149 [main] DEBUG org.springframework.core.env.PropertySourcesPropertyResolver - Searching for key 'line.separator' in [servletContextInitParams]
14:55:32.149 [main] DEBUG org.springframework.core.env.PropertySourcesPropertyResolver - Searching for key 'line.separator' in [systemProperties]
14:55:32.150 [main] DEBUG org.springframework.core.env.PropertySourcesPropertyResolver - Found key 'line.separator' in [systemProperties] with type [String] and value '
'
14:55:32.150 [main] DEBUG org.springframework.core.env.PropertySourcesPropertyResolver - Searching for key 'java.vm.specification.vendor' in [servletConfigInitParams]
14:55:32.150 [main] DEBUG org.springframework.core.env.PropertySourcesPropertyResolver - Searching for key 'java.vm.specification.vendor' in [servletContextInitParams]
14:55:32.151 [main] DEBUG org.springframework.core.env.PropertySourcesPropertyResolver - Searching for key 'java.vm.specification.vendor' in [systemProperties]
14:55:32.155 [main] DEBUG org.springframework.core.env.PropertySourcesPropertyResolver - Found key 'java.vm.specification.vendor' in [systemProperties] with type [String] and value 'Oracle Corporation'
14:55:32.155 [main] DEBUG org.springframework.core.env.PropertySourcesPropertyResolver - Searching for key 'user.variant' in [servletConfigInitParams]
14:55:32.157 [main] DEBUG org.springframework.core.env.PropertySourcesPropertyResolver - Searching for key 'user.variant' in [servletContextInitParams]
14:55:32.158 [main] DEBUG org.springframework.core.env.PropertySourcesPropertyResolver - Searching for key 'user.variant' in [systemProperties]
14:55:32.161 [main] DEBUG org.springframework.core.env.PropertySourcesPropertyResolver - Found key 'user.variant' in [systemProperties] with type [String] and value ''
14:55:32.162 [main] DEBUG org.springframework.core.env.PropertySourcesPropertyResolver - Searching for key 'os.name' in [servletConfigInitParams]
14:55:32.162 [main] DEBUG org.springframework.core.env.PropertySourcesPropertyResolver - Searching for key 'os.name' in [servletContextInitParams]
14:55:32.162 [main] DEBUG org.springframework.core.env.PropertySourcesPropertyResolver - Searching for key 'os.name' in [systemProperties]
14:55:32.164 [main] DEBUG org.springframework.core.env.PropertySourcesPropertyResolver - Found key 'os.name' in [systemProperties] with type [String] and value 'Windows 8'
14:55:32.165 [main] DEBUG org.springframework.core.env.PropertySourcesPropertyResolver - Searching for key 'sun.jnu.encoding' in [servletConfigInitParams]
14:55:32.165 [main] DEBUG org.springframework.core.env.PropertySourcesPropertyResolver - Searching for key 'sun.jnu.encoding' in [servletContextInitParams]
14:55:32.165 [main] DEBUG org.springframework.core.env.PropertySourcesPropertyResolver - Searching for key 'sun.jnu.encoding' in [systemProperties]
14:55:32.166 [main] DEBUG org.springframework.core.env.PropertySourcesPropertyResolver - Found key 'sun.jnu.encoding' in [systemProperties] with type [String] and value 'Cp1251'
14:55:32.166 [main] DEBUG org.springframework.core.env.PropertySourcesPropertyResolver - Searching for key 'java.library.path' in [servletConfigInitParams]
14:55:32.166 [main] DEBUG org.springframework.core.env.PropertySourcesPropertyResolver - Searching for key 'java.library.path' in [servletContextInitParams]
14:55:32.166 [main] DEBUG org.springframework.core.env.PropertySourcesPropertyResolver - Searching for key 'java.library.path' in [systemProperties]
14:55:32.166 [main] DEBUG org.springframework.core.env.PropertySourcesPropertyResolver - Found key 'java.library.path' in [systemProperties] with type [String] and value 'C:\Program Files\Java\jdk1.8.0_91\jre\bin;C:\Windows\Sun\Java\bin;C:\Windows\system32;C:\Windows;C:\Python27\Lib\site-packages\PyQt4;C:\ProgramData\Oracle\Java\javapath;C:\Program Files (x86)\Intel\iCLS Client\;C:\Program Files\Intel\iCLS Client\;C:\Program Files (x86)\NVIDIA Corporation\PhysX\Common;C:\Windows\system32;C:\Windows;C:\Windows\System32\Wbem;C:\Windows\System32\WindowsPowerShell\v1.0\;C:\Program Files (x86)\Windows Live\Shared;C:\Program Files (x86)\Intel\OpenCL SDK\2.0\bin\x86;C:\Program Files (x86)\Intel\OpenCL SDK\2.0\bin\x64;C:\Program Files\Intel\Intel(R) Management Engine Components\DAL;C:\Program Files\Intel\Intel(R) Management Engine Components\IPT;C:\Program Files (x86)\Intel\Intel(R) Management Engine Components\DAL;C:\Program Files (x86)\Intel\Intel(R) Management Engine Components\IPT;C:\Program Files (x86)\Microsoft SQL Server\100\Tools\Binn\;C:\Program Files\Microsoft SQL Server\100\Tools\Binn\;C:\Program Files\Microsoft SQL Server\100\DTS\Binn\;C:\Program Files (x86)\MiKTeX 2.9\miktex\bin\;C:\Program Files\Instant Reality\bin\;C:\Program Files\Common Files\Autodesk Shared\;C:\Program Files (x86)\Autodesk\Backburner\;D:\Programs\CloudFoundry;C:\Program Files\MySQL\MySQL Server 5.5\bin;C:\Python27;C:\Python27\DLLs;C:\Python27\Scripts;C:\Python27\Lib\site-packages\vtk;C:\Python27\gnuplot\binary;C:\Python27\Lib\site-packages\osgeo;D:\Programs\pythonxy\SciTE-3.5.1-4;D:\Programs\pythonxy\console;D:\Programs\pythonxy\gettext\bin;C:\Program Files\TortoiseSVN\bin;C:\Users\Альбина\Anaconda2;C:\Users\Альбина\Anaconda2\Scripts;C:\Users\Альбина\Anaconda2\Library\bin;.'
14:55:32.168 [main] DEBUG org.springframework.core.env.PropertySourcesPropertyResolver - Searching for key 'surefire.test.class.path' in [servletConfigInitParams]
14:55:32.168 [main] DEBUG org.springframework.core.env.PropertySourcesPropertyResolver - Searching for key 'surefire.test.class.path' in [servletContextInitParams]
14:55:32.168 [main] DEBUG org.springframework.core.env.PropertySourcesPropertyResolver - Searching for key 'surefire.test.class.path' in [systemProperties]
14:55:32.170 [main] DEBUG org.springframework.core.env.PropertySourcesPropertyResolver - Found key 'surefire.test.class.path' in [systemProperties] with type [String] and value 'C:\Users\Альбина\DbProject2\Parktron\target\test-classes;C:\Users\Альбина\DbProject2\Parktron\target\classes;C:\Users\Альбина\.m2\repository\org\springframework\boot\spring-boot-starter-data-jpa\1.3.5.RELEASE\spring-boot-starter-data-jpa-1.3.5.RELEASE.jar;C:\Users\Альбина\.m2\repository\org\springframework\boot\spring-boot-starter\1.3.5.RELEASE\spring-boot-starter-1.3.5.RELEASE.jar;C:\Users\Альбина\.m2\repository\org\springframework\boot\spring-boot\1.3.5.RELEASE\spring-boot-1.3.5.RELEASE.jar;C:\Users\Альбина\.m2\repository\org\springframework\boot\spring-boot-autoconfigure\1.3.5.RELEASE\spring-boot-autoconfigure-1.3.5.RELEASE.jar;C:\Users\Альбина\.m2\repository\org\springframework\boot\spring-boot-starter-logging\1.3.5.RELEASE\spring-boot-starter-logging-1.3.5.RELEASE.jar;C:\Users\Альбина\.m2\repository\ch\qos\logback\logback-classic\1.1.7\logback-classic-1.1.7.jar;C:\Users\Альбина\.m2\repository\ch\qos\logback\logback-core\1.1.7\logback-core-1.1.7.jar;C:\Users\Альбина\.m2\repository\org\slf4j\jul-to-slf4j\1.7.21\jul-to-slf4j-1.7.21.jar;C:\Users\Альбина\.m2\repository\org\slf4j\log4j-over-slf4j\1.7.21\log4j-over-slf4j-1.7.21.jar;C:\Users\Альбина\.m2\repository\org\yaml\snakeyaml\1.16\snakeyaml-1.16.jar;C:\Users\Альбина\.m2\repository\org\springframework\boot\spring-boot-starter-aop\1.3.5.RELEASE\spring-boot-starter-aop-1.3.5.RELEASE.jar;C:\Users\Альбина\.m2\repository\org\springframework\spring-aop\4.2.6.RELEASE\spring-aop-4.2.6.RELEASE.jar;C:\Users\Альбина\.m2\repository\aopalliance\aopalliance\1.0\aopalliance-1.0.jar;C:\Users\Альбина\.m2\repository\org\aspectj\aspectjweaver\1.8.9\aspectjweaver-1.8.9.jar;C:\Users\Альбина\.m2\repository\org\springframework\boot\spring-boot-starter-jdbc\1.3.5.RELEASE\spring-boot-starter-jdbc-1.3.5.RELEASE.jar;C:\Users\Альбина\.m2\repository\org\apache\tomcat\tomcat-jdbc\8.0.33\tomcat-jdbc-8.0.33.jar;C:\Users\Альбина\.m2\repository\org\apache\tomcat\tomcat-juli\8.0.33\tomcat-juli-8.0.33.jar;C:\Users\Альбина\.m2\repository\org\springframework\spring-jdbc\4.2.6.RELEASE\spring-jdbc-4.2.6.RELEASE.jar;C:\Users\Альбина\.m2\repository\org\hibernate\hibernate-entitymanager\4.3.11.Final\hibernate-entitymanager-4.3.11.Final.jar;C:\Users\Альбина\.m2\repository\org\jboss\logging\jboss-logging\3.3.0.Final\jboss-logging-3.3.0.Final.jar;C:\Users\Альбина\.m2\repository\org\jboss\logging\jboss-logging-annotations\1.2.0.Beta1\jboss-logging-annotations-1.2.0.Beta1.jar;C:\Users\Альбина\.m2\repository\org\hibernate\hibernate-core\4.3.11.Final\hibernate-core-4.3.11.Final.jar;C:\Users\Альбина\.m2\repository\antlr\antlr\2.7.7\antlr-2.7.7.jar;C:\Users\Альбина\.m2\repository\org\jboss\jandex\1.1.0.Final\jandex-1.1.0.Final.jar;C:\Users\Альбина\.m2\repository\dom4j\dom4j\1.6.1\dom4j-1.6.1.jar;C:\Users\Альбина\.m2\repository\xml-apis\xml-apis\1.0.b2\xml-apis-1.0.b2.jar;C:\Users\Альбина\.m2\repository\org\hibernate\common\hibernate-commons-annotations\4.0.5.Final\hibernate-commons-annotations-4.0.5.Final.jar;C:\Users\Альбина\.m2\repository\org\hibernate\javax\persistence\hibernate-jpa-2.1-api\1.0.0.Final\hibernate-jpa-2.1-api-1.0.0.Final.jar;C:\Users\Альбина\.m2\repository\org\javassist\javassist\3.18.1-GA\javassist-3.18.1-GA.jar;C:\Users\Альбина\.m2\repository\javax\transaction\javax.transaction-api\1.2\javax.transaction-api-1.2.jar;C:\Users\Альбина\.m2\repository\org\springframework\data\spring-data-jpa\1.9.4.RELEASE\spring-data-jpa-1.9.4.RELEASE.jar;C:\Users\Альбина\.m2\repository\org\springframework\data\spring-data-commons\1.11.4.RELEASE\spring-data-commons-1.11.4.RELEASE.jar;C:\Users\Альбина\.m2\repository\org\springframework\spring-orm\4.2.6.RELEASE\spring-orm-4.2.6.RELEASE.jar;C:\Users\Альбина\.m2\repository\org\springframework\spring-context\4.2.6.RELEASE\spring-context-4.2.6.RELEASE.jar;C:\Users\Альбина\.m2\repository\org\springframework\spring-tx\4.2.6.RELEASE\spring-tx-4.2.6.RELEASE.jar;C:\Users\Альбина\.m2\repository\org\springframework\spring-beans\4.2.6.RELEASE\spring-beans-4.2.6.RELEASE.jar;C:\Users\Альбина\.m2\repository\org\slf4j\slf4j-api\1.7.21\slf4j-api-1.7.21.jar;C:\Users\Ал
[...]
14:55:42.741 [main] DEBUG org.springframework.beans.factory.support.DefaultListableBeanFactory - Eagerly caching bean 'carServiceImpl' to allow for resolving potential circular references
14:55:42.744 [main] DEBUG org.springframework.beans.factory.annotation.InjectionMetadata - Processing injected element of bean 'carServiceImpl': AutowiredFieldElement for private com.gimaletdinova.repository.CarRepository com.gimaletdinova.service.impl.CarServiceImpl.carRepository
14:55:42.747 [main] WARN org.springframework.web.context.support.GenericWebApplicationContext - Exception encountered during context initialization - cancelling refresh attempt: org.springframework.beans.factory.BeanCreationException: Error creating bean with name 'carServiceImpl': Injection of autowired dependencies failed; nested exception is org.springframework.beans.factory.BeanCreationException: Could not autowire field: private com.gimaletdinova.repository.CarRepository com.gimaletdinova.service.impl.CarServiceImpl.carRepository; nested exception is org.springframework.beans.factory.NoSuchBeanDefinitionException: No qualifying bean of type [com.gimaletdinova.repository.CarRepository] found for dependency: expected at least 1 bean which qualifies as autowire candidate for this dependency. Dependency annotations: {@org.springframework.beans.factory.annotation.Autowired(required=true)}
14:55:42.747 [main] DEBUG org.springframework.beans.factory.support.DefaultListableBeanFactory - Destroying singletons in org.springframework.beans.factory.support.DefaultListableBeanFactory@7ff95560: defining beans [org.springframework.context.annotation.internalConfigurationAnnotationProcessor,org.springframework.context.annotation.internalAutowiredAnnotationProcessor,org.springframework.context.annotation.internalRequiredAnnotationProcessor,org.springframework.context.annotation.internalCommonAnnotationProcessor,org.springframework.context.annotation.internalPersistenceAnnotationProcessor,org.springframework.context.event.internalEventListenerProcessor,org.springframework.context.event.internalEventListenerFactory,testDataBaseConfig,org.springframework.context.annotation.ConfigurationClassPostProcessor.importAwareProcessor,org.springframework.context.annotation.ConfigurationClassPostProcessor.enhancedConfigurationProcessor,runApplication,carServiceImpl,clientServiceImpl,dispatcherServiceImpl,driverServiceImpl,orderServiceImpl,org.springframework.boot.autoconfigure.AutoConfigurationPackages,dataSource,jpaVendorAdapter,entityManagerFactory,org.springframework.data.jpa.repository.config.JpaRepositoryConfigExtension#0,org.springframework.data.repository.core.support.RepositoryInterfaceAwareBeanPostProcessor,emBeanDefinitionRegistrarPostProcessor,jpaMappingContext,jpaContext,org.springframework.boot.autoconfigure.PropertyPlaceholderAutoConfiguration,org.springframework.boot.autoconfigure.condition.BeanTypeRegistry,propertySourcesPlaceholderConfigurer,org.springframework.boot.autoconfigure.websocket.WebSocketAutoConfiguration$TomcatWebSocketConfiguration,websocketContainerCustomizer,org.springframework.boot.autoconfigure.websocket.WebSocketAutoConfiguration,org.springframework.boot.autoconfigure.web.EmbeddedServletContainerAutoConfiguration$EmbeddedTomcat,tomcatEmbeddedServletContainerFactory,org.springframework.boot.autoconfigure.web.EmbeddedServletContainerAutoConfiguration,embeddedServletContainerCustomizerBeanPostProcessor,org.springframework.boot.autoconfigure.web.DispatcherServletAutoConfiguration$DispatcherServletConfiguration,dispatcherServlet,dispatcherServletRegistration,spring.mvc.CONFIGURATION_PROPERTIES,org.springframework.boot.context.properties.ConfigurationPropertiesBindingPostProcessor,org.springframework.boot.context.properties.ConfigurationPropertiesBindingPostProcessor.store,org.springframework.boot.autoconfigure.web.DispatcherServletAutoConfiguration,org.springframework.boot.autoconfigure.web.ErrorMvcAutoConfiguration$WhitelabelErrorViewConfiguration,error,beanNameViewResolver,org.springframework.boot.autoconfigure.web.ErrorMvcAutoConfiguration,errorAttributes,basicErrorController,errorPageCustomizer,preserveErrorControllerTargetClassPostProcessor,org.springframework.boot.autoconfigure.web.WebMvcAutoConfiguration$EnableWebMvcConfiguration,requestMappingHandlerAdapter,requestMappingHandlerMapping,mvcContentNegotiationManager,viewControllerHandlerMapping,beanNameHandlerMapping,resourceHandlerMapping,mvcResourceUrlProvider,defaultServletHandlerMapping,mvcConversionService,mvcValidator,mvcPathMatcher,mvcUrlPathHelper,mvcUriComponentsContributor,httpRequestHandlerAdapter,simpleControllerHandlerAdapter,handlerExceptionResolver,mvcViewResolver,org.springframework.boot.autoconfigure.web.WebMvcAutoConfiguration$WebMvcAutoConfigurationAdapter$FaviconConfiguration,faviconHandlerMapping,faviconRequestHandler,org.springframework.boot.autoconfigure.web.WebMvcAutoConfiguration$WebMvcAutoConfigurationAdapter,defaultViewResolver,requestContextFilter,viewResolver,spring.resources.CONFIGURATION_PROPERTIES,org.springframework.boot.autoconfigure.web.WebMvcAutoConfiguration,hiddenHttpMethodFilter,httpPutFormContentFilter,org.springframework.boot.autoconfigure.jmx.JmxAutoConfiguration,mbeanExporter,objectNamingStrategy,mbeanServer,org.springframework.boot.autoconfigure.aop.AopAutoConfiguration$JdkDynamicAutoProxyConfiguration,org.springframework.aop.config.internalAutoProxyCreator,org.springframework.boot.autoconfigure.aop.AopAutoConfiguration,org.springframework.boot.autoconfigure.transaction.jta.JtaAutoConfiguration,spring.jta.CONFIGURATION_PROPERTIES,org.springframework.boot.autoconfigure.jdbc.DataSourceAutoConfiguration$JdbcTemplateConfiguration,jdbcTemplate,namedParameterJdbcTemplate,org.springframework.boot.autoconfigure.jdbc.DataSourceAutoConfiguration$DataSourceInitializerConfiguration,dataSourceInitializer,org.springframework.boot.autoconfigure.jdbc.metadata.DataSourcePoolMetadataProvidersConfiguration$TomcatDataSourcePoolMetadataProviderConfiguration,tomcatPoolDataSourceMetadataProvider,org.springframework.boot.autoconfigure.jdbc.metadata.DataSourcePoolMetadataProvidersConfiguration,org.springframework.boot.autoconfigure.jdbc.DataSourceAutoConfiguration,spring.datasource.CONFIGURATION_PROPERTIES,dataSourceInitializerPostProcessor,org.springframework.boot.autoconfigure.orm.jpa.JpaBaseConfiguration$JpaWebConfiguration$JpaWebMvcConfiguration,openEntityManagerInViewInterceptor,org.springframework.boot.autoconfigure.orm.jpa.JpaBaseConfiguration$JpaWebConfiguration,org.springframework.boot.autoconfigure.orm.jpa.HibernateJpaAutoConfiguration,transactionManager,entityManagerFactoryBuilder,spring.jpa.CONFIGURATION_PROPERTIES,dataSourceInitializedPublisher,org.springframework.boot.autoconfigure.context.ConfigurationPropertiesAutoConfiguration,org.springframework.boot.autoconfigure.dao.PersistenceExceptionTranslationAutoConfiguration,persistenceExceptionTranslationPostProcessor,org.springframework.boot.autoconfigure.jackson.JacksonAutoConfiguration$JacksonObjectMapperBuilderConfiguration,jacksonObjectMapperBuilder,spring.jackson.CONFIGURATION_PROPERTIES,org.springframework.boot.autoconfigure.jackson.JacksonAutoConfiguration$JacksonObjectMapperConfiguration,jacksonObjectMapper,org.springframework.boot.autoconfigure.jackson.JacksonAutoConfiguration,org.springframework.boot.autoconfigure.web.HttpMessageConvertersAutoConfiguration$StringHttpMessageConverterConfiguration,stringHttpMessageConverter,spring.http.encoding.CONFIGURATION_PROPERTIES,org.springframework.boot.autoconfigure.web.JacksonHttpMessageConvertersConfiguration$MappingJackson2HttpMessageConverterConfiguration,mappingJackson2HttpMessageConverter,org.springframework.boot.autoconfigure.web.JacksonHttpMessageConvertersConfiguration,org.springframework.boot.autoconfigure.web.HttpMessageConvertersAutoConfiguration,messageConverters,org.springframework.data.web.config.SpringDataWebConfiguration,pageableResolver,sortResolver,org.springframework.data.web.config.SpringDataJacksonConfiguration,jacksonGeoModule,org.springframework.boot.autoconfigure.data.web.SpringDataWebAutoConfiguration,org.springframework.transaction.annotation.ProxyTransactionManagementConfiguration,org.springframework.transaction.config.internalTransactionAdvisor,transactionAttributeSource,transactionInterceptor,org.springframework.transaction.config.internalTransactionalEventListenerFactory,org.springframework.boot.autoconfigure.jdbc.DataSourceTransactionManagerAutoConfiguration$TransactionManagementConfiguration,org.springframework.boot.autoconfigure.jdbc.DataSourceTransactionManagerAutoConfiguration,org.springframework.boot.autoconfigure.transaction.TransactionAutoConfiguration,transactionTemplate,org.springframework.boot.autoconfigure.web.HttpEncodingAutoConfiguration,characterEncodingFilter,org.springframework.boot.autoconfigure.web.MultipartAutoConfiguration,multipartConfigElement,multipartResolver,multipart.CONFIGURATION_PROPERTIES,org.springframework.boot.autoconfigure.web.ServerPropertiesAutoConfiguration,serverProperties,duplicateServerPropertiesDetector,org.springframework.orm.jpa.SharedEntityManagerCreator#0]; root of factory hierarchy
14:55:42.757 [main] DEBUG org.springframework.beans.factory.support.DisposableBeanAdapter - Invoking destroy() on bean with name 'entityManagerFactory'
14:55:42.758 [main] INFO org.springframework.orm.jpa.LocalContainerEntityManagerFactoryBean - Closing JPA EntityManagerFactory for persistence unit 'default'
14:55:42.758 [main] DEBUG org.hibernate.internal.SessionFactoryImpl - HHH000031: Closing
14:55:42.758 [main] INFO org.hibernate.tool.hbm2ddl.SchemaExport - HHH000227: Running hbm2ddl schema export
14:55:42.759 [main] DEBUG org.hibernate.tool.hbm2ddl.SchemaExport - Import file not found: /import.sql
14:55:42.759 [main] DEBUG org.springframework.jdbc.datasource.DriverManagerDataSource - Creating new JDBC DriverManager Connection to [jdbc:h2:mem:Taxopark://http://localhost:8080/h2-console/]
14:55:42.760 [main] DEBUG org.hibernate.SQL - drop table Car if exists
Hibernate: drop table Car if exists
14:55:42.761 [main] DEBUG org.hibernate.SQL - drop table Client if exists
Hibernate: drop table Client if exists
14:55:42.761 [main] DEBUG org.hibernate.SQL - drop table Dispatcher if exists
Hibernate: drop table Dispatcher if exists
14:55:42.761 [main] DEBUG org.hibernate.SQL - drop table Driver if exists
Hibernate: drop table Driver if exists
14:55:42.761 [main] DEBUG org.hibernate.SQL - drop table Order if exists
Hibernate: drop table Order if exists
14:55:42.761 [main] ERROR org.hibernate.tool.hbm2ddl.SchemaExport - HHH000389: Unsuccessful: drop table Order if exists
14:55:42.761 [main] ERROR org.hibernate.tool.hbm2ddl.SchemaExport - ???????‚?°???????‡?µ?????°?? ???????±???° ?? ???‹?€?°?¶?µ?????? SQL "DROP TABLE ORDER[*] IF EXISTS "; ???¶?????°?»?????? "identifier"
Syntax error in SQL statement "DROP TABLE ORDER[*] IF EXISTS "; expected "identifier"; SQL statement:
drop table Order if exists [42001-191]
14:55:42.761 [main] INFO org.hibernate.tool.hbm2ddl.SchemaExport - HHH000230: Schema export complete
14:55:42.762 [main] DEBUG org.hibernate.service.internal.AbstractServiceRegistryImpl - Implicitly destroying ServiceRegistry on de-registration of all child ServiceRegistries
14:55:42.762 [main] DEBUG org.hibernate.boot.registry.internal.BootstrapServiceRegistryImpl - Implicitly destroying Boot-strap registry on de-registration of all child ServiceRegistries
14:55:42.762 [main] DEBUG org.hibernate.jpa.internal.EntityManagerFactoryRegistry - Remove: name=default
14:55:42.762 [main] DEBUG org.springframework.beans.factory.support.DisposableBeanAdapter - Invoking destroy() on bean with name 'org.springframework.boot.context.properties.ConfigurationPropertiesBindingPostProcessor'
14:55:42.767 [main] ERROR org.springframework.test.context.TestContextManager - Caught exception while allowing TestExecutionListener [org.springframework.test.context.web.ServletTestExecutionListener@7a765367] to prepare test instance [com.gimaletdinova.CarServiceTest@716185fe]
java.lang.IllegalStateException: Failed to load ApplicationContext
	at org.springframework.test.context.cache.DefaultCacheAwareContextLoaderDelegate.loadContext(DefaultCacheAwareContextLoaderDelegate.java:124)
	at org.springframework.test.context.support.DefaultTestContext.getApplicationContext(DefaultTestContext.java:83)
	at org.springframework.test.context.web.ServletTestExecutionListener.setUpRequestContextIfNecessary(ServletTestExecutionListener.java:183)
	at org.springframework.test.context.web.ServletTestExecutionListener.prepareTestInstance(ServletTestExecutionListener.java:123)
	at org.springframework.test.context.TestContextManager.prepareTestInstance(TestContextManager.java:228)
	at org.springframework.test.context.junit4.SpringJUnit4ClassRunner.createTest(SpringJUnit4ClassRunner.java:230)
	at org.springframework.test.context.junit4.SpringJUnit4ClassRunner$1.runReflectiveCall(SpringJUnit4ClassRunner.java:289)
	at org.junit.internal.runners.model.ReflectiveCallable.run(ReflectiveCallable.java:12)
	at org.springframework.test.context.junit4.SpringJUnit4ClassRunner.methodBlock(SpringJUnit4ClassRunner.java:291)
	at org.springframework.test.context.junit4.SpringJUnit4ClassRunner.runChild(SpringJUnit4ClassRunner.java:249)
	at org.springframework.test.context.junit4.SpringJUnit4ClassRunner.runChild(SpringJUnit4ClassRunner.java:89)
	at org.junit.runners.ParentRunner$3.run(ParentRunner.java:290)
	at org.junit.runners.ParentRunner$1.schedule(ParentRunner.java:71)
	at org.junit.runners.ParentRunner.runChildren(ParentRunner.java:288)
	at org.junit.runners.ParentRunner.access$000(ParentRunner.java:58)
	at org.junit.runners.ParentRunner$2.evaluate(ParentRunner.java:268)
	at org.springframework.test.context.junit4.statements.RunBeforeTestClassCallbacks.evaluate(RunBeforeTestClassCallbacks.java:61)
	at org.springframework.test.context.junit4.statements.RunAfterTestClassCallbacks.evaluate(RunAfterTestClassCallbacks.java:70)
	at org.junit.runners.ParentRunner.run(ParentRunner.java:363)
	at org.springframework.test.context.junit4.SpringJUnit4ClassRunner.run(SpringJUnit4ClassRunner.java:193)
	at org.apache.maven.surefire.junit4.JUnit4Provider.execute(JUnit4Provider.java:283)
	at org.apache.maven.surefire.junit4.JUnit4Provider.executeWithRerun(JUnit4Provider.java:173)
	at org.apache.maven.surefire.junit4.JUnit4Provider.executeTestSet(JUnit4Provider.java:153)
	at org.apache.maven.surefire.junit4.JUnit4Provider.invoke(JUnit4Provider.java:128)
	at org.apache.maven.surefire.booter.ForkedBooter.invokeProviderInSameClassLoader(ForkedBooter.java:203)
	at org.apache.maven.surefire.booter.ForkedBooter.runSuitesInProcess(ForkedBooter.java:155)
	at org.apache.maven.surefire.booter.ForkedBooter.main(ForkedBooter.java:103)
Caused by: org.springframework.beans.factory.BeanCreationException: Error creating bean with name 'carServiceImpl': Injection of autowired dependencies failed; nested exception is org.springframework.beans.factory.BeanCreationException: Could not autowire field: private com.gimaletdinova.repository.CarRepository com.gimaletdinova.service.impl.CarServiceImpl.carRepository; nested exception is org.springframework.beans.factory.NoSuchBeanDefinitionException: No qualifying bean of type [com.gimaletdinova.repository.CarRepository] found for dependency: expected at least 1 bean which qualifies as autowire candidate for this dependency. Dependency annotations: {@org.springframework.beans.factory.annotation.Autowired(required=true)}
	at org.springframework.beans.factory.annotation.AutowiredAnnotationBeanPostProcessor.postProcessPropertyValues(AutowiredAnnotationBeanPostProcessor.java:334)
	at org.springframework.beans.factory.support.AbstractAutowireCapableBeanFactory.populateBean(AbstractAutowireCapableBeanFactory.java:1214)
	at org.springframework.beans.factory.support.AbstractAutowireCapableBeanFactory.doCreateBean(AbstractAutowireCapableBeanFactory.java:543)
	at org.springframework.beans.factory.support.AbstractAutowireCapableBeanFactory.createBean(AbstractAutowireCapableBeanFactory.java:482)
	at org.springframework.beans.factory.support.AbstractBeanFactory$1.getObject(AbstractBeanFactory.java:306)
	at org.springframework.beans.factory.support.DefaultSingletonBeanRegistry.getSingleton(DefaultSingletonBeanRegistry.java:230)
	at org.springframework.beans.factory.support.AbstractBeanFactory.doGetBean(AbstractBeanFactory.java:302)
	at org.springframework.beans.factory.support.AbstractBeanFactory.getBean(AbstractBeanFactory.java:197)
	at org.springframework.beans.factory.support.DefaultListableBeanFactory.preInstantiateSingletons(DefaultListableBeanFactory.java:772)
	at org.springframework.context.support.AbstractApplicationContext.finishBeanFactoryInitialization(AbstractApplicationContext.java:839)
	at org.springframework.context.support.AbstractApplicationContext.refresh(AbstractApplicationContext.java:538)
	at org.springframework.test.context.web.AbstractGenericWebContextLoader.loadContext(AbstractGenericWebContextLoader.java:133)
	at org.springframework.test.context.web.AbstractGenericWebContextLoader.loadContext(AbstractGenericWebContextLoader.java:60)
	at org.springframework.test.context.support.AbstractDelegatingSmartContextLoader.delegateLoading(AbstractDelegatingSmartContextLoader.java:109)
	at org.springframework.test.context.support.AbstractDelegatingSmartContextLoader.loadContext(AbstractDelegatingSmartContextLoader.java:261)
	at org.springframework.test.context.cache.DefaultCacheAwareContextLoaderDelegate.loadContextInternal(DefaultCacheAwareContextLoaderDelegate.java:98)
	at org.springframework.test.context.cache.DefaultCacheAwareContextLoaderDelegate.loadContext(DefaultCacheAwareContextLoaderDelegate.java:116)
	... 26 common frames omitted
Caused by: org.springframework.beans.factory.BeanCreationException: Could not autowire field: private com.gimaletdinova.repository.CarRepository com.gimaletdinova.service.impl.CarServiceImpl.carRepository; nested exception is org.springframework.beans.factory.NoSuchBeanDefinitionException: No qualifying bean of type [com.gimaletdinova.repository.CarRepository] found for dependency: expected at least 1 bean which qualifies as autowire candidate for this dependency. Dependency annotations: {@org.springframework.beans.factory.annotation.Autowired(required=true)}
	at org.springframework.beans.factory.annotation.AutowiredAnnotationBeanPostProcessor$AutowiredFieldElement.inject(AutowiredAnnotationBeanPostProcessor.java:573)
	at org.springframework.beans.factory.annotation.InjectionMetadata.inject(InjectionMetadata.java:88)
	at org.springframework.beans.factory.annotation.AutowiredAnnotationBeanPostProcessor.postProcessPropertyValues(AutowiredAnnotationBeanPostProcessor.java:331)
	... 42 common frames omitted
Caused by: org.springframework.beans.factory.NoSuchBeanDefinitionException: No qualifying bean of type [com.gimaletdinova.repository.CarRepository] found for dependency: expected at least 1 bean which qualifies as autowire candidate for this dependency. Dependency annotations: {@org.springframework.beans.factory.annotation.Autowired(required=true)}
	at org.springframework.beans.factory.support.DefaultListableBeanFactory.raiseNoSuchBeanDefinitionException(DefaultListableBeanFactory.java:1373)
	at org.springframework.beans.factory.support.DefaultListableBeanFactory.doResolveDependency(DefaultListableBeanFactory.java:1119)
	at org.springframework.beans.factory.support.DefaultListableBeanFactory.resolveDependency(DefaultListableBeanFactory.java:1014)
	at org.springframework.beans.factory.annotation.AutowiredAnnotationBeanPostProcessor$AutowiredFieldElement.inject(AutowiredAnnotationBeanPostProcessor.java:545)
	... 44 common frames omitted
]]></system-out>
  </testcase>
</testsuite>